2025-06-11 15:26:56,540 - CarParkSystem - INFO - Starting Car Park System
2025-06-11 15:26:56,540 - CarParkSystem - INFO - Connected to STM32 on /dev/ttyAMA10
2025-06-11 15:26:56,554 - CarParkSystem - WARNING - Plates table not found in database. Creating it.
2025-06-11 15:26:56,565 - CarParkSystem - INFO - Connected to database successfully
2025-06-11 15:26:56,578 - CarParkSystem - INFO - Camera initialized successfully
2025-06-11 15:26:56,580 - CarParkSystem - WARNING - Failed to capture frame from camera
2025-06-11 15:26:56,610 - CarParkSystem - WARNING - Failed to capture frame from camera
2025-06-11 15:26:56,640 - CarParkSystem - WARNING - Failed to capture frame from camera
2025-06-11 15:26:56,672 - CarParkSystem - WARNING - Failed to capture frame from camera
2025-06-11 15:26:56,702 - CarParkSystem - WARNING - Failed to capture frame from camera
2025-06-11 15:26:56,733 - CarParkSystem - WARNING - Failed to capture frame from camera
2025-06-11 15:26:56,763 - CarParkSystem - WARNING - Failed to capture frame from camera
2025-06-11 15:26:56,793 - CarParkSystem - WARNING - Failed to capture frame from camera
2025-06-11 15:26:56,824 - CarParkSystem - WARNING - Failed to capture frame from camera
2025-06-11 15:26:56,854 - CarParkSystem - WARNING - Failed to capture frame from camera
2025-06-11 15:26:56,885 - CarParkSystem - WARNING - Failed to capture frame from camera
2025-06-11 15:26:56,915 - CarParkSystem - WARNING - Failed to capture frame from camera
2025-06-11 15:26:56,945 - CarParkSystem - WARNING - Failed to capture frame from camera
2025-06-11 15:26:56,976 - CarParkSystem - WARNING - Failed to capture frame from camera
2025-06-11 15:26:57,006 - CarParkSystem - WARNING - Failed to capture frame from camera
2025-06-11 15:26:57,036 - CarParkSystem - WARNING - Failed to capture frame from camera
2025-06-11 15:26:57,067 - CarParkSystem - WARNING - Failed to capture frame from camera
2025-06-11 15:26:57,098 - CarParkSystem - WARNING - Failed to capture frame from camera
2025-06-11 15:26:57,128 - CarParkSystem - WARNING - Failed to capture frame from camera
2025-06-11 15:26:57,159 - CarParkSystem - WARNING - Failed to capture frame from camera
2025-06-11 15:26:57,189 - CarParkSystem - WARNING - Failed to capture frame from camera
2025-06-11 15:26:57,219 - CarParkSystem - WARNING - Failed to capture frame from camera
2025-06-11 15:26:57,250 - CarParkSystem - WARNING - Failed to capture frame from camera
2025-06-11 15:26:57,280 - CarParkSystem - WARNING - Failed to capture frame from camera
2025-06-11 15:26:57,310 - CarParkSystem - WARNING - Failed to capture frame from camera
2025-06-11 15:26:57,341 - CarParkSystem - WARNING - Failed to capture frame from camera
2025-06-11 15:26:57,371 - CarParkSystem - WARNING - Failed to capture frame from camera
2025-06-11 15:26:57,402 - CarParkSystem - WARNING - Failed to capture frame from camera
2025-06-11 15:26:57,432 - CarParkSystem - WARNING - Failed to capture frame from camera
2025-06-11 15:26:57,463 - CarParkSystem - WARNING - Failed to capture frame from camera
2025-06-11 15:26:57,493 - CarParkSystem - WARNING - Failed to capture frame from camera
2025-06-11 15:26:57,523 - CarParkSystem - WARNING - Failed to capture frame from camera
2025-06-11 15:26:57,554 - CarParkSystem - WARNING - Failed to capture frame from camera
2025-06-11 15:26:57,584 - CarParkSystem - WARNING - Failed to capture frame from camera
2025-06-11 15:26:57,614 - CarParkSystem - WARNING - Failed to capture frame from camera
2025-06-11 15:26:57,645 - CarParkSystem - WARNING - Failed to capture frame from camera
2025-06-11 15:26:57,675 - CarParkSystem - WARNING - Failed to capture frame from camera
2025-06-11 15:26:57,705 - CarParkSystem - WARNING - Failed to capture frame from camera
2025-06-11 15:26:57,736 - CarParkSystem - WARNING - Failed to capture frame from camera
2025-06-11 15:26:57,766 - CarParkSystem - WARNING - Failed to capture frame from camera
2025-06-11 15:26:57,797 - CarParkSystem - WARNING - Failed to capture frame from camera
2025-06-11 15:26:57,827 - CarParkSystem - WARNING - Failed to capture frame from camera
2025-06-11 15:26:57,857 - CarParkSystem - WARNING - Failed to capture frame from camera
2025-06-11 15:26:57,888 - CarParkSystem - WARNING - Failed to capture frame from camera
2025-06-11 15:26:57,918 - CarParkSystem - WARNING - Failed to capture frame from camera
2025-06-11 15:26:57,948 - CarParkSystem - WARNING - Failed to capture frame from camera
2025-06-11 15:26:57,979 - CarParkSystem - WARNING - Failed to capture frame from camera
2025-06-11 15:26:58,009 - CarParkSystem - WARNING - Failed to capture frame from camera
2025-06-11 15:26:58,039 - CarParkSystem - WARNING - Failed to capture frame from camera
2025-06-11 15:26:58,070 - CarParkSystem - WARNING - Failed to capture frame from camera
2025-06-11 15:26:58,100 - CarParkSystem - WARNING - Failed to capture frame from camera
2025-06-11 15:26:58,130 - CarParkSystem - WARNING - Failed to capture frame from camera
2025-06-11 15:26:58,161 - CarParkSystem - WARNING - Failed to capture frame from camera
2025-06-11 15:26:58,191 - CarParkSystem - WARNING - Failed to capture frame from camera
2025-06-11 15:26:58,222 - CarParkSystem - WARNING - Failed to capture frame from camera
2025-06-11 15:26:58,252 - CarParkSystem - WARNING - Failed to capture frame from camera
2025-06-11 15:26:58,282 - CarParkSystem - WARNING - Failed to capture frame from camera
2025-06-11 15:26:58,312 - CarParkSystem - WARNING - Failed to capture frame from camera
2025-06-11 15:26:58,343 - CarParkSystem - WARNING - Failed to capture frame from camera
2025-06-11 15:26:58,373 - CarParkSystem - WARNING - Failed to capture frame from camera
2025-06-11 15:26:58,403 - CarParkSystem - WARNING - Failed to capture frame from camera
2025-06-11 15:26:58,434 - CarParkSystem - WARNING - Failed to capture frame from camera
2025-06-11 15:26:58,465 - CarParkSystem - WARNING - Failed to capture frame from camera
2025-06-11 15:26:58,495 - CarParkSystem - WARNING - Failed to capture frame from camera
2025-06-11 15:26:58,526 - CarParkSystem - WARNING - Failed to capture frame from camera
2025-06-11 15:26:58,560 - CarParkSystem - WARNING - Failed to capture frame from camera
2025-06-11 15:26:58,566 - CarParkSystem - INFO - System initialized and ready
2025-06-11 15:26:58,590 - CarParkSystem - WARNING - Failed to capture frame from camera
2025-06-11 15:26:58,621 - CarParkSystem - WARNING - Failed to capture frame from camera
2025-06-11 15:26:58,651 - CarParkSystem - WARNING - Failed to capture frame from camera
2025-06-11 15:26:58,681 - CarParkSystem - WARNING - Failed to capture frame from camera
2025-06-11 15:26:58,712 - CarParkSystem - WARNING - Failed to capture frame from camera
2025-06-11 15:26:58,742 - CarParkSystem - WARNING - Failed to capture frame from camera
2025-06-11 15:26:58,772 - CarParkSystem - WARNING - Failed to capture frame from camera
2025-06-11 15:26:58,803 - CarParkSystem - WARNING - Failed to capture frame from camera
2025-06-11 15:26:58,833 - CarParkSystem - WARNING - Failed to capture frame from camera
2025-06-11 15:26:58,864 - CarParkSystem - WARNING - Failed to capture frame from camera
2025-06-11 15:26:58,894 - CarParkSystem - WARNING - Failed to capture frame from camera
2025-06-11 15:26:58,925 - CarParkSystem - WARNING - Failed to capture frame from camera
2025-06-11 15:26:58,955 - CarParkSystem - WARNING - Failed to capture frame from camera
2025-06-11 15:26:58,985 - CarParkSystem - WARNING - Failed to capture frame from camera
2025-06-11 15:26:59,016 - CarParkSystem - WARNING - Failed to capture frame from camera
2025-06-11 15:26:59,046 - CarParkSystem - WARNING - Failed to capture frame from camera
2025-06-11 15:26:59,077 - CarParkSystem - WARNING - Failed to capture frame from camera
2025-06-11 15:26:59,107 - CarParkSystem - WARNING - Failed to capture frame from camera
2025-06-11 15:26:59,137 - CarParkSystem - WARNING - Failed to capture frame from camera
2025-06-11 15:26:59,168 - CarParkSystem - WARNING - Failed to capture frame from camera
2025-06-11 15:26:59,200 - CarParkSystem - WARNING - Failed to capture frame from camera
2025-06-11 15:26:59,230 - CarParkSystem - WARNING - Failed to capture frame from camera
2025-06-11 15:26:59,261 - CarParkSystem - WARNING - Failed to capture frame from camera
2025-06-11 15:26:59,291 - CarParkSystem - WARNING - Failed to capture frame from camera
2025-06-11 15:26:59,322 - CarParkSystem - WARNING - Failed to capture frame from camera
2025-06-11 15:26:59,352 - CarParkSystem - WARNING - Failed to capture frame from camera
2025-06-11 15:26:59,382 - CarParkSystem - WARNING - Failed to capture frame from camera
2025-06-11 15:26:59,413 - CarParkSystem - WARNING - Failed to capture frame from camera
2025-06-11 15:26:59,443 - CarParkSystem - WARNING - Failed to capture frame from camera
2025-06-11 15:26:59,473 - CarParkSystem - WARNING - Failed to capture frame from camera
2025-06-11 15:26:59,504 - CarParkSystem - WARNING - Failed to capture frame from camera
2025-06-11 15:26:59,534 - CarParkSystem - WARNING - Failed to capture frame from camera
2025-06-11 15:26:59,564 - CarParkSystem - WARNING - Failed to capture frame from camera
2025-06-11 15:26:59,595 - CarParkSystem - WARNING - Failed to capture frame from camera
2025-06-11 15:26:59,625 - CarParkSystem - WARNING - Failed to capture frame from camera
2025-06-11 15:26:59,656 - CarParkSystem - WARNING - Failed to capture frame from camera
2025-06-11 15:26:59,686 - CarParkSystem - WARNING - Failed to capture frame from camera
2025-06-11 15:26:59,716 - CarParkSystem - WARNING - Failed to capture frame from camera
2025-06-11 15:26:59,747 - CarParkSystem - WARNING - Failed to capture frame from camera
2025-06-11 15:26:59,777 - CarParkSystem - WARNING - Failed to capture frame from camera
2025-06-11 15:26:59,808 - CarParkSystem - WARNING - Failed to capture frame from camera
2025-06-11 15:26:59,838 - CarParkSystem - WARNING - Failed to capture frame from camera
2025-06-11 15:26:59,869 - CarParkSystem - WARNING - Failed to capture frame from camera
2025-06-11 15:26:59,899 - CarParkSystem - WARNING - Failed to capture frame from camera
2025-06-11 15:26:59,929 - CarParkSystem - WARNING - Failed to capture frame from camera
2025-06-11 15:26:59,960 - CarParkSystem - WARNING - Failed to capture frame from camera
2025-06-11 15:26:59,990 - CarParkSystem - WARNING - Failed to capture frame from camera
2025-06-11 15:27:00,021 - CarParkSystem - WARNING - Failed to capture frame from camera
2025-06-11 15:27:00,051 - CarParkSystem - WARNING - Failed to capture frame from camera
2025-06-11 15:27:00,082 - CarParkSystem - WARNING - Failed to capture frame from camera
2025-06-11 15:27:00,112 - CarParkSystem - WARNING - Failed to capture frame from camera
2025-06-11 15:27:00,142 - CarParkSystem - WARNING - Failed to capture frame from camera
2025-06-11 15:27:00,173 - CarParkSystem - WARNING - Failed to capture frame from camera
2025-06-11 15:27:00,203 - CarParkSystem - WARNING - Failed to capture frame from camera
2025-06-11 15:27:00,233 - CarParkSystem - WARNING - Failed to capture frame from camera
2025-06-11 15:27:00,264 - CarParkSystem - WARNING - Failed to capture frame from camera
2025-06-11 15:27:00,294 - CarParkSystem - WARNING - Failed to capture frame from camera
2025-06-11 15:27:00,324 - CarParkSystem - WARNING - Failed to capture frame from camera
2025-06-11 15:27:00,355 - CarParkSystem - WARNING - Failed to capture frame from camera
2025-06-11 15:27:00,385 - CarParkSystem - WARNING - Failed to capture frame from camera
2025-06-11 15:27:00,416 - CarParkSystem - WARNING - Failed to capture frame from camera
2025-06-11 15:27:00,446 - CarParkSystem - WARNING - Failed to capture frame from camera
2025-06-11 15:27:00,477 - CarParkSystem - WARNING - Failed to capture frame from camera
2025-06-11 15:27:00,507 - CarParkSystem - WARNING - Failed to capture frame from camera
2025-06-11 15:27:00,537 - CarParkSystem - WARNING - Failed to capture frame from camera
2025-06-11 15:27:00,568 - CarParkSystem - WARNING - Failed to capture frame from camera
2025-06-11 15:27:00,598 - CarParkSystem - WARNING - Failed to capture frame from camera
2025-06-11 15:27:00,629 - CarParkSystem - WARNING - Failed to capture frame from camera
2025-06-11 15:27:00,659 - CarParkSystem - WARNING - Failed to capture frame from camera
2025-06-11 15:27:00,689 - CarParkSystem - WARNING - Failed to capture frame from camera
2025-06-11 15:27:00,720 - CarParkSystem - WARNING - Failed to capture frame from camera
2025-06-11 15:27:00,750 - CarParkSystem - WARNING - Failed to capture frame from camera
2025-06-11 15:27:00,781 - CarParkSystem - WARNING - Failed to capture frame from camera
2025-06-11 15:27:00,811 - CarParkSystem - WARNING - Failed to capture frame from camera
2025-06-11 15:27:00,841 - CarParkSystem - WARNING - Failed to capture frame from camera
2025-06-11 15:27:00,872 - CarParkSystem - WARNING - Failed to capture frame from camera
2025-06-11 15:27:00,902 - CarParkSystem - WARNING - Failed to capture frame from camera
2025-06-11 15:27:00,932 - CarParkSystem - WARNING - Failed to capture frame from camera
2025-06-11 15:27:00,962 - CarParkSystem - WARNING - Failed to capture frame from camera
2025-06-11 15:27:00,993 - CarParkSystem - WARNING - Failed to capture frame from camera
2025-06-11 15:27:01,023 - CarParkSystem - WARNING - Failed to capture frame from camera
2025-06-11 15:27:01,053 - CarParkSystem - WARNING - Failed to capture frame from camera
2025-06-11 15:27:01,084 - CarParkSystem - WARNING - Failed to capture frame from camera
2025-06-11 15:27:01,114 - CarParkSystem - WARNING - Failed to capture frame from camera
2025-06-11 15:27:01,144 - CarParkSystem - WARNING - Failed to capture frame from camera
2025-06-11 15:27:01,175 - CarParkSystem - WARNING - Failed to capture frame from camera
2025-06-11 15:27:01,205 - CarParkSystem - WARNING - Failed to capture frame from camera
2025-06-11 15:27:01,236 - CarParkSystem - WARNING - Failed to capture frame from camera
2025-06-11 15:27:01,266 - CarParkSystem - WARNING - Failed to capture frame from camera
2025-06-11 15:27:01,297 - CarParkSystem - WARNING - Failed to capture frame from camera
2025-06-11 15:27:01,327 - CarParkSystem - WARNING - Failed to capture frame from camera
2025-06-11 15:27:01,357 - CarParkSystem - WARNING - Failed to capture frame from camera
2025-06-11 15:27:01,388 - CarParkSystem - WARNING - Failed to capture frame from camera
2025-06-11 15:27:01,418 - CarParkSystem - WARNING - Failed to capture frame from camera
2025-06-11 15:27:01,449 - CarParkSystem - WARNING - Failed to capture frame from camera
2025-06-11 15:27:01,479 - CarParkSystem - WARNING - Failed to capture frame from camera
2025-06-11 15:27:01,509 - CarParkSystem - WARNING - Failed to capture frame from camera
2025-06-11 15:27:01,540 - CarParkSystem - WARNING - Failed to capture frame from camera
2025-06-11 15:27:01,570 - CarParkSystem - WARNING - Failed to capture frame from camera
2025-06-11 15:27:01,601 - CarParkSystem - WARNING - Failed to capture frame from camera
2025-06-11 15:27:01,631 - CarParkSystem - WARNING - Failed to capture frame from camera
2025-06-11 15:27:01,662 - CarParkSystem - WARNING - Failed to capture frame from camera
2025-06-11 15:27:01,692 - CarParkSystem - WARNING - Failed to capture frame from camera
2025-06-11 15:27:01,722 - CarParkSystem - WARNING - Failed to capture frame from camera
2025-06-11 15:27:01,752 - CarParkSystem - WARNING - Failed to capture frame from camera
2025-06-11 15:27:01,783 - CarParkSystem - WARNING - Failed to capture frame from camera
2025-06-11 15:27:01,813 - CarParkSystem - WARNING - Failed to capture frame from camera
2025-06-11 15:27:01,843 - CarParkSystem - WARNING - Failed to capture frame from camera
2025-06-11 15:27:01,873 - CarParkSystem - WARNING - Failed to capture frame from camera
2025-06-11 15:27:01,904 - CarParkSystem - WARNING - Failed to capture frame from camera
2025-06-11 15:27:01,934 - CarParkSystem - WARNING - Failed to capture frame from camera
2025-06-11 15:27:01,965 - CarParkSystem - WARNING - Failed to capture frame from camera
2025-06-11 15:27:01,995 - CarParkSystem - WARNING - Failed to capture frame from camera
2025-06-11 15:27:02,025 - CarParkSystem - WARNING - Failed to capture frame from camera
2025-06-11 15:27:02,055 - CarParkSystem - WARNING - Failed to capture frame from camera
2025-06-11 15:27:02,086 - CarParkSystem - WARNING - Failed to capture frame from camera
2025-06-11 15:27:02,116 - CarParkSystem - WARNING - Failed to capture frame from camera
2025-06-11 15:27:02,146 - CarParkSystem - WARNING - Failed to capture frame from camera
2025-06-11 15:27:02,177 - CarParkSystem - WARNING - Failed to capture frame from camera
2025-06-11 15:27:02,208 - CarParkSystem - WARNING - Failed to capture frame from camera
2025-06-11 15:27:02,238 - CarParkSystem - WARNING - Failed to capture frame from camera
2025-06-11 15:27:02,268 - CarParkSystem - WARNING - Failed to capture frame from camera
2025-06-11 15:27:02,299 - CarParkSystem - WARNING - Failed to capture frame from camera
2025-06-11 15:27:02,329 - CarParkSystem - WARNING - Failed to capture frame from camera
2025-06-11 15:27:02,360 - CarParkSystem - WARNING - Failed to capture frame from camera
2025-06-11 15:27:02,390 - CarParkSystem - WARNING - Failed to capture frame from camera
2025-06-11 15:27:02,420 - CarParkSystem - WARNING - Failed to capture frame from camera
2025-06-11 15:27:02,451 - CarParkSystem - WARNING - Failed to capture frame from camera
2025-06-11 15:27:02,482 - CarParkSystem - WARNING - Failed to capture frame from camera
2025-06-11 15:27:02,512 - CarParkSystem - WARNING - Failed to capture frame from camera
2025-06-11 15:27:02,543 - CarParkSystem - WARNING - Failed to capture frame from camera
2025-06-11 15:27:02,573 - CarParkSystem - WARNING - Failed to capture frame from camera
2025-06-11 15:27:02,604 - CarParkSystem - WARNING - Failed to capture frame from camera
2025-06-11 15:27:02,634 - CarParkSystem - WARNING - Failed to capture frame from camera
2025-06-11 15:27:02,665 - CarParkSystem - WARNING - Failed to capture frame from camera
2025-06-11 15:27:02,695 - CarParkSystem - WARNING - Failed to capture frame from camera
2025-06-11 15:27:02,725 - CarParkSystem - WARNING - Failed to capture frame from camera
2025-06-11 15:27:02,756 - CarParkSystem - WARNING - Failed to capture frame from camera
2025-06-11 15:27:02,786 - CarParkSystem - WARNING - Failed to capture frame from camera
2025-06-11 15:27:02,816 - CarParkSystem - WARNING - Failed to capture frame from camera
2025-06-11 15:27:02,847 - CarParkSystem - WARNING - Failed to capture frame from camera
2025-06-11 15:27:02,877 - CarParkSystem - WARNING - Failed to capture frame from camera
2025-06-11 15:27:02,907 - CarParkSystem - WARNING - Failed to capture frame from camera
2025-06-11 15:27:02,938 - CarParkSystem - WARNING - Failed to capture frame from camera
2025-06-11 15:27:02,968 - CarParkSystem - WARNING - Failed to capture frame from camera
2025-06-11 15:27:02,998 - CarParkSystem - WARNING - Failed to capture frame from camera
2025-06-11 15:27:03,029 - CarParkSystem - WARNING - Failed to capture frame from camera
2025-06-11 15:27:03,059 - CarParkSystem - WARNING - Failed to capture frame from camera
2025-06-11 15:27:03,089 - CarParkSystem - WARNING - Failed to capture frame from camera
2025-06-11 15:27:03,120 - CarParkSystem - WARNING - Failed to capture frame from camera
2025-06-11 15:27:03,150 - CarParkSystem - WARNING - Failed to capture frame from camera
2025-06-11 15:27:03,180 - CarParkSystem - WARNING - Failed to capture frame from camera
2025-06-11 15:27:03,211 - CarParkSystem - WARNING - Failed to capture frame from camera
2025-06-11 15:27:03,241 - CarParkSystem - WARNING - Failed to capture frame from camera
2025-06-11 15:27:03,272 - CarParkSystem - WARNING - Failed to capture frame from camera
2025-06-11 15:27:03,303 - CarParkSystem - WARNING - Failed to capture frame from camera
2025-06-11 15:27:03,333 - CarParkSystem - WARNING - Failed to capture frame from camera
2025-06-11 15:27:03,364 - CarParkSystem - WARNING - Failed to capture frame from camera
2025-06-11 15:27:03,397 - CarParkSystem - WARNING - Failed to capture frame from camera
2025-06-11 15:27:03,427 - CarParkSystem - WARNING - Failed to capture frame from camera
2025-06-11 15:27:03,458 - CarParkSystem - WARNING - Failed to capture frame from camera
2025-06-11 15:27:03,488 - CarParkSystem - WARNING - Failed to capture frame from camera
2025-06-11 15:27:03,518 - CarParkSystem - WARNING - Failed to capture frame from camera
2025-06-11 15:27:03,549 - CarParkSystem - WARNING - Failed to capture frame from camera
2025-06-11 15:27:03,579 - CarParkSystem - WARNING - Failed to capture frame from camera
2025-06-11 15:27:03,609 - CarParkSystem - WARNING - Failed to capture frame from camera
2025-06-11 15:27:03,640 - CarParkSystem - WARNING - Failed to capture frame from camera
2025-06-11 15:27:03,670 - CarParkSystem - WARNING - Failed to capture frame from camera
2025-06-11 15:27:03,701 - CarParkSystem - WARNING - Failed to capture frame from camera
2025-06-11 15:27:03,731 - CarParkSystem - WARNING - Failed to capture frame from camera
2025-06-11 15:27:03,762 - CarParkSystem - WARNING - Failed to capture frame from camera
2025-06-11 15:27:03,796 - CarParkSystem - WARNING - Failed to capture frame from camera
2025-06-11 15:27:03,826 - CarParkSystem - WARNING - Failed to capture frame from camera
2025-06-11 15:27:03,857 - CarParkSystem - WARNING - Failed to capture frame from camera
2025-06-11 15:27:03,887 - CarParkSystem - WARNING - Failed to capture frame from camera
2025-06-11 15:27:03,918 - CarParkSystem - WARNING - Failed to capture frame from camera
2025-06-11 15:27:03,948 - CarParkSystem - WARNING - Failed to capture frame from camera
2025-06-11 15:27:03,978 - CarParkSystem - WARNING - Failed to capture frame from camera
2025-06-11 15:27:04,009 - CarParkSystem - WARNING - Failed to capture frame from camera
2025-06-11 15:27:04,039 - CarParkSystem - WARNING - Failed to capture frame from camera
2025-06-11 15:27:04,071 - CarParkSystem - WARNING - Failed to capture frame from camera
2025-06-11 15:27:04,103 - CarParkSystem - WARNING - Failed to capture frame from camera
2025-06-11 15:27:04,136 - CarParkSystem - WARNING - Failed to capture frame from camera
2025-06-11 15:27:04,166 - CarParkSystem - WARNING - Failed to capture frame from camera
2025-06-11 15:27:04,197 - CarParkSystem - WARNING - Failed to capture frame from camera
2025-06-11 15:27:04,227 - CarParkSystem - WARNING - Failed to capture frame from camera
2025-06-11 15:27:04,258 - CarParkSystem - WARNING - Failed to capture frame from camera
2025-06-11 15:27:04,288 - CarParkSystem - WARNING - Failed to capture frame from camera
2025-06-11 15:27:04,318 - CarParkSystem - WARNING - Failed to capture frame from camera
2025-06-11 15:27:04,349 - CarParkSystem - WARNING - Failed to capture frame from camera
2025-06-11 15:27:04,379 - CarParkSystem - WARNING - Failed to capture frame from camera
2025-06-11 15:27:04,410 - CarParkSystem - WARNING - Failed to capture frame from camera
2025-06-11 15:27:04,440 - CarParkSystem - WARNING - Failed to capture frame from camera
2025-06-11 15:27:04,471 - CarParkSystem - WARNING - Failed to capture frame from camera
2025-06-11 15:27:04,501 - CarParkSystem - WARNING - Failed to capture frame from camera
2025-06-11 15:27:04,531 - CarParkSystem - WARNING - Failed to capture frame from camera
2025-06-11 15:27:04,562 - CarParkSystem - WARNING - Failed to capture frame from camera
2025-06-11 15:27:04,593 - CarParkSystem - WARNING - Failed to capture frame from camera
2025-06-11 15:27:04,623 - CarParkSystem - WARNING - Failed to capture frame from camera
2025-06-11 15:27:04,654 - CarParkSystem - WARNING - Failed to capture frame from camera
2025-06-11 15:27:04,684 - CarParkSystem - WARNING - Failed to capture frame from camera
2025-06-11 15:27:04,714 - CarParkSystem - WARNING - Failed to capture frame from camera
2025-06-11 15:27:04,745 - CarParkSystem - WARNING - Failed to capture frame from camera
2025-06-11 15:27:04,775 - CarParkSystem - WARNING - Failed to capture frame from camera
2025-06-11 15:27:04,805 - CarParkSystem - WARNING - Failed to capture frame from camera
2025-06-11 15:27:04,836 - CarParkSystem - WARNING - Failed to capture frame from camera
2025-06-11 15:27:04,866 - CarParkSystem - WARNING - Failed to capture frame from camera
2025-06-11 15:27:04,896 - CarParkSystem - WARNING - Failed to capture frame from camera
2025-06-11 15:27:04,927 - CarParkSystem - WARNING - Failed to capture frame from camera
2025-06-11 15:27:04,957 - CarParkSystem - WARNING - Failed to capture frame from camera
2025-06-11 15:27:04,987 - CarParkSystem - WARNING - Failed to capture frame from camera
2025-06-11 15:27:05,018 - CarParkSystem - WARNING - Failed to capture frame from camera
2025-06-11 15:27:05,048 - CarParkSystem - WARNING - Failed to capture frame from camera
2025-06-11 15:27:05,078 - CarParkSystem - WARNING - Failed to capture frame from camera
2025-06-11 15:27:05,111 - CarParkSystem - WARNING - Failed to capture frame from camera
2025-06-11 15:27:05,141 - CarParkSystem - WARNING - Failed to capture frame from camera
2025-06-11 15:27:05,172 - CarParkSystem - WARNING - Failed to capture frame from camera
2025-06-11 15:27:05,202 - CarParkSystem - WARNING - Failed to capture frame from camera
2025-06-11 15:27:05,232 - CarParkSystem - WARNING - Failed to capture frame from camera
2025-06-11 15:27:05,263 - CarParkSystem - WARNING - Failed to capture frame from camera
2025-06-11 15:27:05,293 - CarParkSystem - WARNING - Failed to capture frame from camera
2025-06-11 15:27:05,324 - CarParkSystem - WARNING - Failed to capture frame from camera
2025-06-11 15:27:05,354 - CarParkSystem - WARNING - Failed to capture frame from camera
2025-06-11 15:27:05,385 - CarParkSystem - WARNING - Failed to capture frame from camera
2025-06-11 15:27:05,415 - CarParkSystem - WARNING - Failed to capture frame from camera
2025-06-11 15:27:05,445 - CarParkSystem - WARNING - Failed to capture frame from camera
2025-06-11 15:27:05,476 - CarParkSystem - WARNING - Failed to capture frame from camera
2025-06-11 15:27:05,507 - CarParkSystem - WARNING - Failed to capture frame from camera
2025-06-11 15:27:05,537 - CarParkSystem - WARNING - Failed to capture frame from camera
2025-06-11 15:27:05,568 - CarParkSystem - WARNING - Failed to capture frame from camera
2025-06-11 15:27:05,599 - CarParkSystem - WARNING - Failed to capture frame from camera
2025-06-11 15:27:05,629 - CarParkSystem - WARNING - Failed to capture frame from camera
2025-06-11 15:27:05,659 - CarParkSystem - WARNING - Failed to capture frame from camera
2025-06-11 15:27:05,690 - CarParkSystem - WARNING - Failed to capture frame from camera
2025-06-11 15:27:05,722 - CarParkSystem - WARNING - Failed to capture frame from camera
2025-06-11 15:27:05,752 - CarParkSystem - WARNING - Failed to capture frame from camera
2025-06-11 15:27:05,782 - CarParkSystem - WARNING - Failed to capture frame from camera
2025-06-11 15:27:05,813 - CarParkSystem - WARNING - Failed to capture frame from camera
2025-06-11 15:27:05,843 - CarParkSystem - WARNING - Failed to capture frame from camera
2025-06-11 15:27:05,874 - CarParkSystem - WARNING - Failed to capture frame from camera
2025-06-11 15:27:05,904 - CarParkSystem - WARNING - Failed to capture frame from camera
2025-06-11 15:27:05,935 - CarParkSystem - WARNING - Failed to capture frame from camera
2025-06-11 15:27:05,965 - CarParkSystem - WARNING - Failed to capture frame from camera
2025-06-11 15:27:05,996 - CarParkSystem - WARNING - Failed to capture frame from camera
2025-06-11 15:27:06,026 - CarParkSystem - WARNING - Failed to capture frame from camera
2025-06-11 15:27:06,058 - CarParkSystem - WARNING - Failed to capture frame from camera
2025-06-11 15:27:06,088 - CarParkSystem - WARNING - Failed to capture frame from camera
2025-06-11 15:27:06,118 - CarParkSystem - WARNING - Failed to capture frame from camera
2025-06-11 15:27:06,149 - CarParkSystem - WARNING - Failed to capture frame from camera
2025-06-11 15:27:06,179 - CarParkSystem - WARNING - Failed to capture frame from camera
2025-06-11 15:27:06,209 - CarParkSystem - WARNING - Failed to capture frame from camera
2025-06-11 15:27:06,240 - CarParkSystem - WARNING - Failed to capture frame from camera
2025-06-11 15:27:06,270 - CarParkSystem - WARNING - Failed to capture frame from camera
2025-06-11 15:27:06,301 - CarParkSystem - WARNING - Failed to capture frame from camera
2025-06-11 15:27:06,331 - CarParkSystem - WARNING - Failed to capture frame from camera
2025-06-11 15:27:06,362 - CarParkSystem - WARNING - Failed to capture frame from camera
2025-06-11 15:27:06,392 - CarParkSystem - WARNING - Failed to capture frame from camera
2025-06-11 15:27:06,422 - CarParkSystem - WARNING - Failed to capture frame from camera
2025-06-11 15:27:06,453 - CarParkSystem - WARNING - Failed to capture frame from camera
2025-06-11 15:27:06,483 - CarParkSystem - WARNING - Failed to capture frame from camera
2025-06-11 15:27:06,513 - CarParkSystem - WARNING - Failed to capture frame from camera
2025-06-11 15:27:06,544 - CarParkSystem - WARNING - Failed to capture frame from camera
2025-06-11 15:27:06,574 - CarParkSystem - WARNING - Failed to capture frame from camera
2025-06-11 15:27:06,605 - CarParkSystem - WARNING - Failed to capture frame from camera
2025-06-11 15:27:06,635 - CarParkSystem - WARNING - Failed to capture frame from camera
2025-06-11 15:27:06,666 - CarParkSystem - WARNING - Failed to capture frame from camera
2025-06-11 15:27:06,696 - CarParkSystem - WARNING - Failed to capture frame from camera
2025-06-11 15:27:06,726 - CarParkSystem - WARNING - Failed to capture frame from camera
2025-06-11 15:27:06,756 - CarParkSystem - WARNING - Failed to capture frame from camera
2025-06-11 15:27:06,787 - CarParkSystem - WARNING - Failed to capture frame from camera
2025-06-11 15:27:06,817 - CarParkSystem - WARNING - Failed to capture frame from camera
2025-06-11 15:27:06,847 - CarParkSystem - WARNING - Failed to capture frame from camera
2025-06-11 15:27:06,878 - CarParkSystem - WARNING - Failed to capture frame from camera
2025-06-11 15:27:06,908 - CarParkSystem - WARNING - Failed to capture frame from camera
2025-06-11 15:27:06,939 - CarParkSystem - WARNING - Failed to capture frame from camera
2025-06-11 15:27:06,969 - CarParkSystem - WARNING - Failed to capture frame from camera
2025-06-11 15:27:06,999 - CarParkSystem - WARNING - Failed to capture frame from camera
2025-06-11 15:27:07,030 - CarParkSystem - WARNING - Failed to capture frame from camera
2025-06-11 15:27:07,060 - CarParkSystem - WARNING - Failed to capture frame from camera
2025-06-11 15:27:07,091 - CarParkSystem - WARNING - Failed to capture frame from camera
2025-06-11 15:27:07,121 - CarParkSystem - WARNING - Failed to capture frame from camera
2025-06-11 15:27:07,151 - CarParkSystem - WARNING - Failed to capture frame from camera
2025-06-11 15:27:07,182 - CarParkSystem - WARNING - Failed to capture frame from camera
2025-06-11 15:27:07,213 - CarParkSystem - WARNING - Failed to capture frame from camera
2025-06-11 15:27:07,243 - CarParkSystem - WARNING - Failed to capture frame from camera
2025-06-11 15:27:07,274 - CarParkSystem - WARNING - Failed to capture frame from camera
2025-06-11 15:27:07,304 - CarParkSystem - WARNING - Failed to capture frame from camera
2025-06-11 15:27:07,335 - CarParkSystem - WARNING - Failed to capture frame from camera
2025-06-11 15:27:07,365 - CarParkSystem - WARNING - Failed to capture frame from camera
2025-06-11 15:27:07,395 - CarParkSystem - WARNING - Failed to capture frame from camera
2025-06-11 15:27:07,426 - CarParkSystem - WARNING - Failed to capture frame from camera
2025-06-11 15:27:07,456 - CarParkSystem - WARNING - Failed to capture frame from camera
2025-06-11 15:27:07,487 - CarParkSystem - WARNING - Failed to capture frame from camera
2025-06-11 15:27:07,517 - CarParkSystem - WARNING - Failed to capture frame from camera
2025-06-11 15:27:07,547 - CarParkSystem - WARNING - Failed to capture frame from camera
2025-06-11 15:27:07,578 - CarParkSystem - WARNING - Failed to capture frame from camera
2025-06-11 15:27:07,608 - CarParkSystem - WARNING - Failed to capture frame from camera
2025-06-11 15:27:07,639 - CarParkSystem - WARNING - Failed to capture frame from camera
2025-06-11 15:27:07,669 - CarParkSystem - WARNING - Failed to capture frame from camera
2025-06-11 15:27:07,700 - CarParkSystem - WARNING - Failed to capture frame from camera
2025-06-11 15:27:07,730 - CarParkSystem - WARNING - Failed to capture frame from camera
2025-06-11 15:27:07,760 - CarParkSystem - WARNING - Failed to capture frame from camera
2025-06-11 15:27:07,791 - CarParkSystem - WARNING - Failed to capture frame from camera
2025-06-11 15:27:07,821 - CarParkSystem - WARNING - Failed to capture frame from camera
2025-06-11 15:27:07,851 - CarParkSystem - WARNING - Failed to capture frame from camera
2025-06-11 15:27:07,882 - CarParkSystem - WARNING - Failed to capture frame from camera
2025-06-11 15:27:07,912 - CarParkSystem - WARNING - Failed to capture frame from camera
2025-06-11 15:27:07,942 - CarParkSystem - WARNING - Failed to capture frame from camera
2025-06-11 15:27:07,973 - CarParkSystem - WARNING - Failed to capture frame from camera
2025-06-11 15:27:08,003 - CarParkSystem - WARNING - Failed to capture frame from camera
2025-06-11 15:27:08,033 - CarParkSystem - WARNING - Failed to capture frame from camera
2025-06-11 15:27:08,064 - CarParkSystem - WARNING - Failed to capture frame from camera
2025-06-11 15:27:08,094 - CarParkSystem - WARNING - Failed to capture frame from camera
2025-06-11 15:27:08,125 - CarParkSystem - WARNING - Failed to capture frame from camera
2025-06-11 15:27:08,155 - CarParkSystem - WARNING - Failed to capture frame from camera
2025-06-11 15:27:08,186 - CarParkSystem - WARNING - Failed to capture frame from camera
2025-06-11 15:27:08,216 - CarParkSystem - WARNING - Failed to capture frame from camera
2025-06-11 15:27:08,246 - CarParkSystem - WARNING - Failed to capture frame from camera
2025-06-11 15:27:08,277 - CarParkSystem - WARNING - Failed to capture frame from camera
2025-06-11 15:27:08,307 - CarParkSystem - WARNING - Failed to capture frame from camera
2025-06-11 15:27:08,338 - CarParkSystem - WARNING - Failed to capture frame from camera
2025-06-11 15:27:08,368 - CarParkSystem - WARNING - Failed to capture frame from camera
2025-06-11 15:27:08,399 - CarParkSystem - WARNING - Failed to capture frame from camera
2025-06-11 15:27:08,429 - CarParkSystem - WARNING - Failed to capture frame from camera
2025-06-11 15:27:08,459 - CarParkSystem - WARNING - Failed to capture frame from camera
2025-06-11 15:27:08,490 - CarParkSystem - WARNING - Failed to capture frame from camera
2025-06-11 15:27:08,520 - CarParkSystem - WARNING - Failed to capture frame from camera
2025-06-11 15:27:08,550 - CarParkSystem - WARNING - Failed to capture frame from camera
2025-06-11 15:27:08,581 - CarParkSystem - WARNING - Failed to capture frame from camera
2025-06-11 15:27:08,611 - CarParkSystem - WARNING - Failed to capture frame from camera
2025-06-11 15:27:08,642 - CarParkSystem - WARNING - Failed to capture frame from camera
2025-06-11 15:27:08,673 - CarParkSystem - WARNING - Failed to capture frame from camera
2025-06-11 15:27:08,705 - CarParkSystem - WARNING - Failed to capture frame from camera
2025-06-11 15:27:08,736 - CarParkSystem - WARNING - Failed to capture frame from camera
2025-06-11 15:27:08,767 - CarParkSystem - WARNING - Failed to capture frame from camera
2025-06-11 15:27:08,798 - CarParkSystem - WARNING - Failed to capture frame from camera
2025-06-11 15:27:08,829 - CarParkSystem - WARNING - Failed to capture frame from camera
2025-06-11 15:27:08,859 - CarParkSystem - WARNING - Failed to capture frame from camera
2025-06-11 15:27:08,889 - CarParkSystem - WARNING - Failed to capture frame from camera
2025-06-11 15:27:08,920 - CarParkSystem - WARNING - Failed to capture frame from camera
2025-06-11 15:27:08,950 - CarParkSystem - WARNING - Failed to capture frame from camera
2025-06-11 15:27:08,980 - CarParkSystem - WARNING - Failed to capture frame from camera
2025-06-11 15:27:09,011 - CarParkSystem - WARNING - Failed to capture frame from camera
2025-06-11 15:27:09,041 - CarParkSystem - WARNING - Failed to capture frame from camera
2025-06-11 15:27:09,071 - CarParkSystem - WARNING - Failed to capture frame from camera
2025-06-11 15:27:09,102 - CarParkSystem - WARNING - Failed to capture frame from camera
2025-06-11 15:27:09,132 - CarParkSystem - WARNING - Failed to capture frame from camera
2025-06-11 15:27:09,162 - CarParkSystem - WARNING - Failed to capture frame from camera
2025-06-11 15:27:09,193 - CarParkSystem - WARNING - Failed to capture frame from camera
2025-06-11 15:27:09,223 - CarParkSystem - WARNING - Failed to capture frame from camera
2025-06-11 15:27:09,254 - CarParkSystem - WARNING - Failed to capture frame from camera
2025-06-11 15:27:09,284 - CarParkSystem - WARNING - Failed to capture frame from camera
2025-06-11 15:27:09,315 - CarParkSystem - WARNING - Failed to capture frame from camera
2025-06-11 15:27:09,345 - CarParkSystem - WARNING - Failed to capture frame from camera
2025-06-11 15:27:09,376 - CarParkSystem - WARNING - Failed to capture frame from camera
2025-06-11 15:27:09,406 - CarParkSystem - WARNING - Failed to capture frame from camera
2025-06-11 15:27:09,436 - CarParkSystem - WARNING - Failed to capture frame from camera
2025-06-11 15:27:09,467 - CarParkSystem - WARNING - Failed to capture frame from camera
2025-06-11 15:27:09,497 - CarParkSystem - WARNING - Failed to capture frame from camera
2025-06-11 15:27:09,528 - CarParkSystem - WARNING - Failed to capture frame from camera
2025-06-11 15:27:09,558 - CarParkSystem - WARNING - Failed to capture frame from camera
2025-06-11 15:27:09,588 - CarParkSystem - WARNING - Failed to capture frame from camera
2025-06-11 15:27:09,618 - CarParkSystem - WARNING - Failed to capture frame from camera
2025-06-11 15:27:09,649 - CarParkSystem - WARNING - Failed to capture frame from camera
2025-06-11 15:27:09,679 - CarParkSystem - WARNING - Failed to capture frame from camera
2025-06-11 15:27:09,709 - CarParkSystem - WARNING - Failed to capture frame from camera
2025-06-11 15:27:09,740 - CarParkSystem - WARNING - Failed to capture frame from camera
2025-06-11 15:27:09,770 - CarParkSystem - WARNING - Failed to capture frame from camera
2025-06-11 15:27:09,800 - CarParkSystem - WARNING - Failed to capture frame from camera
2025-06-11 15:27:09,831 - CarParkSystem - WARNING - Failed to capture frame from camera
2025-06-11 15:27:09,861 - CarParkSystem - WARNING - Failed to capture frame from camera
2025-06-11 15:27:09,892 - CarParkSystem - WARNING - Failed to capture frame from camera
2025-06-11 15:27:09,922 - CarParkSystem - WARNING - Failed to capture frame from camera
2025-06-11 15:27:09,952 - CarParkSystem - WARNING - Failed to capture frame from camera
2025-06-11 15:27:09,983 - CarParkSystem - WARNING - Failed to capture frame from camera
2025-06-11 15:27:10,013 - CarParkSystem - WARNING - Failed to capture frame from camera
2025-06-11 15:27:10,044 - CarParkSystem - WARNING - Failed to capture frame from camera
2025-06-11 15:27:10,074 - CarParkSystem - WARNING - Failed to capture frame from camera
2025-06-11 15:27:10,104 - CarParkSystem - WARNING - Failed to capture frame from camera
2025-06-11 15:27:10,135 - CarParkSystem - WARNING - Failed to capture frame from camera
2025-06-11 15:27:10,165 - CarParkSystem - WARNING - Failed to capture frame from camera
2025-06-11 15:27:10,196 - CarParkSystem - WARNING - Failed to capture frame from camera
2025-06-11 15:27:10,226 - CarParkSystem - WARNING - Failed to capture frame from camera
2025-06-11 15:27:10,256 - CarParkSystem - WARNING - Failed to capture frame from camera
2025-06-11 15:27:10,287 - CarParkSystem - WARNING - Failed to capture frame from camera
2025-06-11 15:27:10,317 - CarParkSystem - WARNING - Failed to capture frame from camera
2025-06-11 15:27:10,347 - CarParkSystem - WARNING - Failed to capture frame from camera
2025-06-11 15:27:10,380 - CarParkSystem - WARNING - Failed to capture frame from camera
2025-06-11 15:27:10,410 - CarParkSystem - WARNING - Failed to capture frame from camera
2025-06-11 15:27:10,441 - CarParkSystem - WARNING - Failed to capture frame from camera
2025-06-11 15:27:10,471 - CarParkSystem - WARNING - Failed to capture frame from camera
2025-06-11 15:27:10,502 - CarParkSystem - WARNING - Failed to capture frame from camera
2025-06-11 15:27:10,532 - CarParkSystem - WARNING - Failed to capture frame from camera
2025-06-11 15:27:10,563 - CarParkSystem - WARNING - Failed to capture frame from camera
2025-06-11 15:27:10,594 - CarParkSystem - WARNING - Failed to capture frame from camera
2025-06-11 15:27:10,625 - CarParkSystem - WARNING - Failed to capture frame from camera
2025-06-11 15:27:10,655 - CarParkSystem - WARNING - Failed to capture frame from camera
2025-06-11 15:27:10,687 - CarParkSystem - WARNING - Failed to capture frame from camera
2025-06-11 15:27:10,718 - CarParkSystem - WARNING - Failed to capture frame from camera
2025-06-11 15:27:10,748 - CarParkSystem - WARNING - Failed to capture frame from camera
2025-06-11 15:27:10,778 - CarParkSystem - WARNING - Failed to capture frame from camera
2025-06-11 15:27:10,810 - CarParkSystem - WARNING - Failed to capture frame from camera
2025-06-11 15:27:10,841 - CarParkSystem - WARNING - Failed to capture frame from camera
2025-06-11 15:27:10,872 - CarParkSystem - WARNING - Failed to capture frame from camera
2025-06-11 15:27:10,902 - CarParkSystem - WARNING - Failed to capture frame from camera
2025-06-11 15:27:10,933 - CarParkSystem - WARNING - Failed to capture frame from camera
2025-06-11 15:27:10,964 - CarParkSystem - WARNING - Failed to capture frame from camera
2025-06-11 15:27:10,994 - CarParkSystem - WARNING - Failed to capture frame from camera
2025-06-11 15:27:11,025 - CarParkSystem - WARNING - Failed to capture frame from camera
2025-06-11 15:27:11,055 - CarParkSystem - WARNING - Failed to capture frame from camera
2025-06-11 15:27:11,086 - CarParkSystem - WARNING - Failed to capture frame from camera
2025-06-11 15:27:11,116 - CarParkSystem - WARNING - Failed to capture frame from camera
2025-06-11 15:27:11,146 - CarParkSystem - WARNING - Failed to capture frame from camera
2025-06-11 15:27:11,177 - CarParkSystem - WARNING - Failed to capture frame from camera
2025-06-11 15:27:11,207 - CarParkSystem - WARNING - Failed to capture frame from camera
2025-06-11 15:27:11,237 - CarParkSystem - WARNING - Failed to capture frame from camera
2025-06-11 15:27:11,268 - CarParkSystem - WARNING - Failed to capture frame from camera
2025-06-11 15:27:11,298 - CarParkSystem - WARNING - Failed to capture frame from camera
2025-06-11 15:27:11,328 - CarParkSystem - WARNING - Failed to capture frame from camera
2025-06-11 15:27:11,359 - CarParkSystem - WARNING - Failed to capture frame from camera
2025-06-11 15:27:11,389 - CarParkSystem - WARNING - Failed to capture frame from camera
2025-06-11 15:27:11,419 - CarParkSystem - WARNING - Failed to capture frame from camera
2025-06-11 15:27:11,450 - CarParkSystem - WARNING - Failed to capture frame from camera
2025-06-11 15:27:11,482 - CarParkSystem - WARNING - Failed to capture frame from camera
2025-06-11 15:27:11,513 - CarParkSystem - WARNING - Failed to capture frame from camera
2025-06-11 15:27:11,543 - CarParkSystem - WARNING - Failed to capture frame from camera
2025-06-11 15:27:11,576 - CarParkSystem - WARNING - Failed to capture frame from camera
2025-06-11 15:27:11,606 - CarParkSystem - WARNING - Failed to capture frame from camera
2025-06-11 15:27:11,637 - CarParkSystem - WARNING - Failed to capture frame from camera
2025-06-11 15:27:11,667 - CarParkSystem - WARNING - Failed to capture frame from camera
2025-06-11 15:27:11,698 - CarParkSystem - WARNING - Failed to capture frame from camera
2025-06-11 15:27:11,728 - CarParkSystem - WARNING - Failed to capture frame from camera
2025-06-11 15:27:11,758 - CarParkSystem - WARNING - Failed to capture frame from camera
2025-06-11 15:27:11,789 - CarParkSystem - WARNING - Failed to capture frame from camera
2025-06-11 15:27:11,820 - CarParkSystem - WARNING - Failed to capture frame from camera
2025-06-11 15:27:11,850 - CarParkSystem - WARNING - Failed to capture frame from camera
2025-06-11 15:27:11,881 - CarParkSystem - WARNING - Failed to capture frame from camera
2025-06-11 15:27:11,914 - CarParkSystem - WARNING - Failed to capture frame from camera
2025-06-11 15:27:11,945 - CarParkSystem - WARNING - Failed to capture frame from camera
2025-06-11 15:27:11,975 - CarParkSystem - WARNING - Failed to capture frame from camera
2025-06-11 15:27:12,005 - CarParkSystem - WARNING - Failed to capture frame from camera
2025-06-11 15:27:12,036 - CarParkSystem - WARNING - Failed to capture frame from camera
2025-06-11 15:27:12,066 - CarParkSystem - WARNING - Failed to capture frame from camera
2025-06-11 15:27:12,099 - CarParkSystem - WARNING - Failed to capture frame from camera
2025-06-11 15:27:12,130 - CarParkSystem - WARNING - Failed to capture frame from camera
2025-06-11 15:27:12,160 - CarParkSystem - WARNING - Failed to capture frame from camera
2025-06-11 15:27:12,190 - CarParkSystem - WARNING - Failed to capture frame from camera
2025-06-11 15:27:12,221 - CarParkSystem - WARNING - Failed to capture frame from camera
2025-06-11 15:27:12,251 - CarParkSystem - WARNING - Failed to capture frame from camera
2025-06-11 15:27:12,283 - CarParkSystem - WARNING - Failed to capture frame from camera
2025-06-11 15:27:12,316 - CarParkSystem - WARNING - Failed to capture frame from camera
2025-06-11 15:27:12,346 - CarParkSystem - WARNING - Failed to capture frame from camera
2025-06-11 15:27:12,377 - CarParkSystem - WARNING - Failed to capture frame from camera
2025-06-11 15:27:12,407 - CarParkSystem - WARNING - Failed to capture frame from camera
2025-06-11 15:27:12,438 - CarParkSystem - WARNING - Failed to capture frame from camera
2025-06-11 15:27:12,468 - CarParkSystem - WARNING - Failed to capture frame from camera
2025-06-11 15:27:12,498 - CarParkSystem - WARNING - Failed to capture frame from camera
2025-06-11 15:27:12,529 - CarParkSystem - WARNING - Failed to capture frame from camera
2025-06-11 15:27:12,559 - CarParkSystem - WARNING - Failed to capture frame from camera
2025-06-11 15:27:12,590 - CarParkSystem - WARNING - Failed to capture frame from camera
2025-06-11 15:27:12,620 - CarParkSystem - WARNING - Failed to capture frame from camera
2025-06-11 15:27:12,650 - CarParkSystem - WARNING - Failed to capture frame from camera
2025-06-11 15:27:12,681 - CarParkSystem - WARNING - Failed to capture frame from camera
2025-06-11 15:27:12,711 - CarParkSystem - WARNING - Failed to capture frame from camera
2025-06-11 15:27:12,741 - CarParkSystem - WARNING - Failed to capture frame from camera
2025-06-11 15:27:12,772 - CarParkSystem - WARNING - Failed to capture frame from camera
2025-06-11 15:27:12,803 - CarParkSystem - WARNING - Failed to capture frame from camera
2025-06-11 15:27:12,833 - CarParkSystem - WARNING - Failed to capture frame from camera
2025-06-11 15:27:12,864 - CarParkSystem - WARNING - Failed to capture frame from camera
2025-06-11 15:27:12,894 - CarParkSystem - WARNING - Failed to capture frame from camera
2025-06-11 15:27:12,924 - CarParkSystem - WARNING - Failed to capture frame from camera
2025-06-11 15:27:12,955 - CarParkSystem - WARNING - Failed to capture frame from camera
2025-06-11 15:27:12,985 - CarParkSystem - WARNING - Failed to capture frame from camera
2025-06-11 15:27:13,016 - CarParkSystem - WARNING - Failed to capture frame from camera
2025-06-11 15:27:13,046 - CarParkSystem - WARNING - Failed to capture frame from camera
2025-06-11 15:27:13,076 - CarParkSystem - WARNING - Failed to capture frame from camera
2025-06-11 15:27:13,107 - CarParkSystem - WARNING - Failed to capture frame from camera
2025-06-11 15:27:13,137 - CarParkSystem - WARNING - Failed to capture frame from camera
2025-06-11 15:27:13,168 - CarParkSystem - WARNING - Failed to capture frame from camera
2025-06-11 15:27:13,198 - CarParkSystem - WARNING - Failed to capture frame from camera
2025-06-11 15:27:13,229 - CarParkSystem - WARNING - Failed to capture frame from camera
2025-06-11 15:27:13,259 - CarParkSystem - WARNING - Failed to capture frame from camera
2025-06-11 15:27:13,290 - CarParkSystem - WARNING - Failed to capture frame from camera
2025-06-11 15:27:13,320 - CarParkSystem - WARNING - Failed to capture frame from camera
2025-06-11 15:27:13,351 - CarParkSystem - WARNING - Failed to capture frame from camera
2025-06-11 15:27:13,381 - CarParkSystem - WARNING - Failed to capture frame from camera
2025-06-11 15:27:13,412 - CarParkSystem - WARNING - Failed to capture frame from camera
2025-06-11 15:27:13,442 - CarParkSystem - WARNING - Failed to capture frame from camera
2025-06-11 15:27:13,473 - CarParkSystem - WARNING - Failed to capture frame from camera
2025-06-11 15:27:13,503 - CarParkSystem - WARNING - Failed to capture frame from camera
2025-06-11 15:27:13,534 - CarParkSystem - WARNING - Failed to capture frame from camera
2025-06-11 15:27:13,564 - CarParkSystem - WARNING - Failed to capture frame from camera
2025-06-11 15:27:13,594 - CarParkSystem - WARNING - Failed to capture frame from camera
2025-06-11 15:27:13,625 - CarParkSystem - WARNING - Failed to capture frame from camera
2025-06-11 15:27:13,655 - CarParkSystem - WARNING - Failed to capture frame from camera
2025-06-11 15:27:13,685 - CarParkSystem - WARNING - Failed to capture frame from camera
2025-06-11 15:27:13,716 - CarParkSystem - WARNING - Failed to capture frame from camera
2025-06-11 15:27:13,746 - CarParkSystem - WARNING - Failed to capture frame from camera
2025-06-11 15:27:13,777 - CarParkSystem - WARNING - Failed to capture frame from camera
2025-06-11 15:27:13,807 - CarParkSystem - WARNING - Failed to capture frame from camera
2025-06-11 15:27:13,837 - CarParkSystem - WARNING - Failed to capture frame from camera
2025-06-11 15:27:13,868 - CarParkSystem - WARNING - Failed to capture frame from camera
2025-06-11 15:27:13,898 - CarParkSystem - WARNING - Failed to capture frame from camera
2025-06-11 15:27:13,928 - CarParkSystem - WARNING - Failed to capture frame from camera
2025-06-11 15:27:13,959 - CarParkSystem - WARNING - Failed to capture frame from camera
2025-06-11 15:27:13,989 - CarParkSystem - WARNING - Failed to capture frame from camera
2025-06-11 15:27:14,019 - CarParkSystem - WARNING - Failed to capture frame from camera
2025-06-11 15:27:14,050 - CarParkSystem - WARNING - Failed to capture frame from camera
2025-06-11 15:27:14,080 - CarParkSystem - WARNING - Failed to capture frame from camera
2025-06-11 15:27:14,110 - CarParkSystem - WARNING - Failed to capture frame from camera
2025-06-11 15:27:14,141 - CarParkSystem - WARNING - Failed to capture frame from camera
2025-06-11 15:27:14,171 - CarParkSystem - WARNING - Failed to capture frame from camera
2025-06-11 15:27:14,202 - CarParkSystem - WARNING - Failed to capture frame from camera
2025-06-11 15:27:14,233 - CarParkSystem - WARNING - Failed to capture frame from camera
2025-06-11 15:27:14,264 - CarParkSystem - WARNING - Failed to capture frame from camera
2025-06-11 15:27:14,294 - CarParkSystem - WARNING - Failed to capture frame from camera
2025-06-11 15:27:14,325 - CarParkSystem - WARNING - Failed to capture frame from camera
2025-06-11 15:27:14,355 - CarParkSystem - WARNING - Failed to capture frame from camera
2025-06-11 15:27:14,386 - CarParkSystem - WARNING - Failed to capture frame from camera
2025-06-11 15:27:14,416 - CarParkSystem - WARNING - Failed to capture frame from camera
2025-06-11 15:27:14,447 - CarParkSystem - WARNING - Failed to capture frame from camera
2025-06-11 15:27:14,477 - CarParkSystem - WARNING - Failed to capture frame from camera
2025-06-11 15:27:14,508 - CarParkSystem - WARNING - Failed to capture frame from camera
2025-06-11 15:27:14,539 - CarParkSystem - WARNING - Failed to capture frame from camera
2025-06-11 15:27:14,569 - CarParkSystem - WARNING - Failed to capture frame from camera
2025-06-11 15:27:14,600 - CarParkSystem - WARNING - Failed to capture frame from camera
2025-06-11 15:27:14,630 - CarParkSystem - WARNING - Failed to capture frame from camera
2025-06-11 15:27:14,661 - CarParkSystem - WARNING - Failed to capture frame from camera
2025-06-11 15:27:14,691 - CarParkSystem - WARNING - Failed to capture frame from camera
2025-06-11 15:27:14,721 - CarParkSystem - WARNING - Failed to capture frame from camera
2025-06-11 15:27:14,752 - CarParkSystem - WARNING - Failed to capture frame from camera
2025-06-11 15:27:14,782 - CarParkSystem - WARNING - Failed to capture frame from camera
2025-06-11 15:27:14,812 - CarParkSystem - WARNING - Failed to capture frame from camera
2025-06-11 15:27:14,843 - CarParkSystem - WARNING - Failed to capture frame from camera
2025-06-11 15:27:14,873 - CarParkSystem - WARNING - Failed to capture frame from camera
2025-06-11 15:27:14,903 - CarParkSystem - WARNING - Failed to capture frame from camera
2025-06-11 15:27:14,934 - CarParkSystem - WARNING - Failed to capture frame from camera
2025-06-11 15:27:14,964 - CarParkSystem - WARNING - Failed to capture frame from camera
2025-06-11 15:27:14,994 - CarParkSystem - WARNING - Failed to capture frame from camera
2025-06-11 15:27:15,025 - CarParkSystem - WARNING - Failed to capture frame from camera
2025-06-11 15:27:15,055 - CarParkSystem - WARNING - Failed to capture frame from camera
2025-06-11 15:27:15,085 - CarParkSystem - WARNING - Failed to capture frame from camera
2025-06-11 15:27:15,116 - CarParkSystem - WARNING - Failed to capture frame from camera
2025-06-11 15:27:15,146 - CarParkSystem - WARNING - Failed to capture frame from camera
2025-06-11 15:27:15,177 - CarParkSystem - WARNING - Failed to capture frame from camera
2025-06-11 15:27:15,207 - CarParkSystem - WARNING - Failed to capture frame from camera
2025-06-11 15:27:15,238 - CarParkSystem - WARNING - Failed to capture frame from camera
2025-06-11 15:27:15,268 - CarParkSystem - WARNING - Failed to capture frame from camera
2025-06-11 15:27:15,299 - CarParkSystem - WARNING - Failed to capture frame from camera
2025-06-11 15:27:15,329 - CarParkSystem - WARNING - Failed to capture frame from camera
2025-06-11 15:27:15,360 - CarParkSystem - WARNING - Failed to capture frame from camera
2025-06-11 15:27:15,390 - CarParkSystem - WARNING - Failed to capture frame from camera
2025-06-11 15:27:15,421 - CarParkSystem - WARNING - Failed to capture frame from camera
2025-06-11 15:27:15,452 - CarParkSystem - WARNING - Failed to capture frame from camera
2025-06-11 15:27:15,482 - CarParkSystem - WARNING - Failed to capture frame from camera
2025-06-11 15:27:15,513 - CarParkSystem - WARNING - Failed to capture frame from camera
2025-06-11 15:27:15,546 - CarParkSystem - WARNING - Failed to capture frame from camera
2025-06-11 15:27:15,577 - CarParkSystem - WARNING - Failed to capture frame from camera
2025-06-11 15:27:15,607 - CarParkSystem - WARNING - Failed to capture frame from camera
2025-06-11 15:27:15,638 - CarParkSystem - WARNING - Failed to capture frame from camera
2025-06-11 15:27:15,668 - CarParkSystem - WARNING - Failed to capture frame from camera
2025-06-11 15:27:15,698 - CarParkSystem - WARNING - Failed to capture frame from camera
2025-06-11 15:27:15,729 - CarParkSystem - WARNING - Failed to capture frame from camera
2025-06-11 15:27:15,759 - CarParkSystem - WARNING - Failed to capture frame from camera
2025-06-11 15:27:15,790 - CarParkSystem - WARNING - Failed to capture frame from camera
2025-06-11 15:27:15,820 - CarParkSystem - WARNING - Failed to capture frame from camera
2025-06-11 15:27:15,850 - CarParkSystem - WARNING - Failed to capture frame from camera
2025-06-11 15:27:15,881 - CarParkSystem - WARNING - Failed to capture frame from camera
2025-06-11 15:27:15,911 - CarParkSystem - WARNING - Failed to capture frame from camera
2025-06-11 15:27:15,941 - CarParkSystem - WARNING - Failed to capture frame from camera
2025-06-11 15:27:15,972 - CarParkSystem - WARNING - Failed to capture frame from camera
2025-06-11 15:27:16,002 - CarParkSystem - WARNING - Failed to capture frame from camera
2025-06-11 15:27:16,032 - CarParkSystem - WARNING - Failed to capture frame from camera
2025-06-11 15:27:16,063 - CarParkSystem - WARNING - Failed to capture frame from camera
2025-06-11 15:27:16,096 - CarParkSystem - WARNING - Failed to capture frame from camera
2025-06-11 15:27:16,126 - CarParkSystem - WARNING - Failed to capture frame from camera
2025-06-11 15:27:16,157 - CarParkSystem - WARNING - Failed to capture frame from camera
2025-06-11 15:27:16,187 - CarParkSystem - WARNING - Failed to capture frame from camera
2025-06-11 15:27:16,218 - CarParkSystem - WARNING - Failed to capture frame from camera
2025-06-11 15:27:16,248 - CarParkSystem - WARNING - Failed to capture frame from camera
2025-06-11 15:27:16,278 - CarParkSystem - WARNING - Failed to capture frame from camera
2025-06-11 15:27:16,309 - CarParkSystem - WARNING - Failed to capture frame from camera
2025-06-11 15:27:16,339 - CarParkSystem - WARNING - Failed to capture frame from camera
2025-06-11 15:27:16,370 - CarParkSystem - WARNING - Failed to capture frame from camera
2025-06-11 15:27:16,400 - CarParkSystem - WARNING - Failed to capture frame from camera
2025-06-11 15:27:16,431 - CarParkSystem - WARNING - Failed to capture frame from camera
2025-06-11 15:27:16,461 - CarParkSystem - WARNING - Failed to capture frame from camera
2025-06-11 15:27:16,492 - CarParkSystem - WARNING - Failed to capture frame from camera
2025-06-11 15:27:16,523 - CarParkSystem - WARNING - Failed to capture frame from camera
2025-06-11 15:27:16,553 - CarParkSystem - WARNING - Failed to capture frame from camera
2025-06-11 15:27:16,584 - CarParkSystem - WARNING - Failed to capture frame from camera
2025-06-11 15:27:16,614 - CarParkSystem - WARNING - Failed to capture frame from camera
2025-06-11 15:27:16,646 - CarParkSystem - WARNING - Failed to capture frame from camera
2025-06-11 15:27:16,677 - CarParkSystem - WARNING - Failed to capture frame from camera
2025-06-11 15:27:16,708 - CarParkSystem - WARNING - Failed to capture frame from camera
2025-06-11 15:27:16,738 - CarParkSystem - WARNING - Failed to capture frame from camera
2025-06-11 15:27:16,770 - CarParkSystem - WARNING - Failed to capture frame from camera
2025-06-11 15:27:16,801 - CarParkSystem - WARNING - Failed to capture frame from camera
2025-06-11 15:27:16,831 - CarParkSystem - WARNING - Failed to capture frame from camera
2025-06-11 15:27:16,862 - CarParkSystem - WARNING - Failed to capture frame from camera
2025-06-11 15:27:16,892 - CarParkSystem - WARNING - Failed to capture frame from camera
2025-06-11 15:27:16,922 - CarParkSystem - WARNING - Failed to capture frame from camera
2025-06-11 15:27:16,953 - CarParkSystem - WARNING - Failed to capture frame from camera
2025-06-11 15:27:16,984 - CarParkSystem - WARNING - Failed to capture frame from camera
2025-06-11 15:27:17,014 - CarParkSystem - WARNING - Failed to capture frame from camera
2025-06-11 15:27:17,044 - CarParkSystem - WARNING - Failed to capture frame from camera
2025-06-11 15:27:17,075 - CarParkSystem - WARNING - Failed to capture frame from camera
2025-06-11 15:27:17,105 - CarParkSystem - WARNING - Failed to capture frame from camera
2025-06-11 15:27:17,135 - CarParkSystem - WARNING - Failed to capture frame from camera
2025-06-11 15:27:17,165 - CarParkSystem - WARNING - Failed to capture frame from camera
2025-06-11 15:27:17,196 - CarParkSystem - WARNING - Failed to capture frame from camera
2025-06-11 15:27:17,226 - CarParkSystem - WARNING - Failed to capture frame from camera
2025-06-11 15:27:17,257 - CarParkSystem - WARNING - Failed to capture frame from camera
2025-06-11 15:27:17,287 - CarParkSystem - WARNING - Failed to capture frame from camera
2025-06-11 15:27:17,318 - CarParkSystem - WARNING - Failed to capture frame from camera
2025-06-11 15:27:17,348 - CarParkSystem - WARNING - Failed to capture frame from camera
2025-06-11 15:27:17,379 - CarParkSystem - WARNING - Failed to capture frame from camera
2025-06-11 15:27:17,409 - CarParkSystem - WARNING - Failed to capture frame from camera
2025-06-11 15:27:17,439 - CarParkSystem - WARNING - Failed to capture frame from camera
2025-06-11 15:27:17,470 - CarParkSystem - WARNING - Failed to capture frame from camera
2025-06-11 15:27:17,501 - CarParkSystem - WARNING - Failed to capture frame from camera
2025-06-11 15:27:17,531 - CarParkSystem - WARNING - Failed to capture frame from camera
2025-06-11 15:27:17,562 - CarParkSystem - WARNING - Failed to capture frame from camera
2025-06-11 15:27:17,592 - CarParkSystem - WARNING - Failed to capture frame from camera
2025-06-11 15:27:17,623 - CarParkSystem - WARNING - Failed to capture frame from camera
2025-06-11 15:27:17,653 - CarParkSystem - WARNING - Failed to capture frame from camera
2025-06-11 15:27:17,684 - CarParkSystem - WARNING - Failed to capture frame from camera
2025-06-11 15:27:17,714 - CarParkSystem - WARNING - Failed to capture frame from camera
2025-06-11 15:27:17,745 - CarParkSystem - WARNING - Failed to capture frame from camera
2025-06-11 15:27:17,775 - CarParkSystem - WARNING - Failed to capture frame from camera
2025-06-11 15:27:17,806 - CarParkSystem - WARNING - Failed to capture frame from camera
2025-06-11 15:27:17,836 - CarParkSystem - WARNING - Failed to capture frame from camera
2025-06-11 15:27:17,868 - CarParkSystem - WARNING - Failed to capture frame from camera
2025-06-11 15:27:17,899 - CarParkSystem - WARNING - Failed to capture frame from camera
2025-06-11 15:27:17,929 - CarParkSystem - WARNING - Failed to capture frame from camera
