2025-06-11 15:35:21,603 - CarParkSystem - INFO - Starting Car Park System
2025-06-11 15:35:21,603 - CarParkSystem - INFO - Connected to STM32 on /dev/ttyAMA10
2025-06-11 15:35:21,604 - CarParkSystem - INFO - Connected to database successfully
2025-06-11 15:35:21,607 - CarParkSystem - INFO - Camera initialized successfully
2025-06-11 15:35:21,608 - CarParkSystem - WARNING - Failed to capture frame from camera
2025-06-11 15:35:21,638 - CarParkSystem - WARNING - Failed to capture frame from camera
2025-06-11 15:35:21,670 - CarParkSystem - WARNING - Failed to capture frame from camera
2025-06-11 15:35:21,700 - CarParkSystem - WARNING - Failed to capture frame from camera
2025-06-11 15:35:21,730 - CarParkSystem - WARNING - Failed to capture frame from camera
2025-06-11 15:35:21,761 - CarParkSystem - WARNING - Failed to capture frame from camera
2025-06-11 15:35:21,791 - CarParkSystem - WARNING - Failed to capture frame from camera
2025-06-11 15:35:21,822 - CarParkSystem - WARNING - Failed to capture frame from camera
2025-06-11 15:35:21,852 - CarParkSystem - WARNING - Failed to capture frame from camera
2025-06-11 15:35:21,883 - CarParkSystem - WARNING - Failed to capture frame from camera
2025-06-11 15:35:21,913 - CarParkSystem - WARNING - Failed to capture frame from camera
2025-06-11 15:35:21,943 - CarParkSystem - WARNING - Failed to capture frame from camera
2025-06-11 15:35:21,974 - CarParkSystem - WARNING - Failed to capture frame from camera
2025-06-11 15:35:22,004 - CarParkSystem - WARNING - Failed to capture frame from camera
2025-06-11 15:35:22,035 - CarParkSystem - WARNING - Failed to capture frame from camera
2025-06-11 15:35:22,065 - CarParkSystem - WARNING - Failed to capture frame from camera
2025-06-11 15:35:22,095 - CarParkSystem - WARNING - Failed to capture frame from camera
2025-06-11 15:35:22,125 - CarParkSystem - WARNING - Failed to capture frame from camera
2025-06-11 15:35:22,156 - CarParkSystem - WARNING - Failed to capture frame from camera
2025-06-11 15:35:22,186 - CarParkSystem - WARNING - Failed to capture frame from camera
2025-06-11 15:35:22,216 - CarParkSystem - WARNING - Failed to capture frame from camera
2025-06-11 15:35:22,247 - CarParkSystem - WARNING - Failed to capture frame from camera
2025-06-11 15:35:22,277 - CarParkSystem - WARNING - Failed to capture frame from camera
2025-06-11 15:35:22,308 - CarParkSystem - WARNING - Failed to capture frame from camera
2025-06-11 15:35:22,338 - CarParkSystem - WARNING - Failed to capture frame from camera
2025-06-11 15:35:22,368 - CarParkSystem - WARNING - Failed to capture frame from camera
2025-06-11 15:35:22,399 - CarParkSystem - WARNING - Failed to capture frame from camera
2025-06-11 15:35:22,429 - CarParkSystem - WARNING - Failed to capture frame from camera
2025-06-11 15:35:22,459 - CarParkSystem - WARNING - Failed to capture frame from camera
2025-06-11 15:35:22,490 - CarParkSystem - WARNING - Failed to capture frame from camera
2025-06-11 15:35:22,520 - CarParkSystem - WARNING - Failed to capture frame from camera
2025-06-11 15:35:22,551 - CarParkSystem - WARNING - Failed to capture frame from camera
2025-06-11 15:35:22,581 - CarParkSystem - WARNING - Failed to capture frame from camera
2025-06-11 15:35:22,611 - CarParkSystem - WARNING - Failed to capture frame from camera
2025-06-11 15:35:22,642 - CarParkSystem - WARNING - Failed to capture frame from camera
2025-06-11 15:35:22,672 - CarParkSystem - WARNING - Failed to capture frame from camera
2025-06-11 15:35:22,703 - CarParkSystem - WARNING - Failed to capture frame from camera
2025-06-11 15:35:22,733 - CarParkSystem - WARNING - Failed to capture frame from camera
2025-06-11 15:35:22,763 - CarParkSystem - WARNING - Failed to capture frame from camera
2025-06-11 15:35:22,794 - CarParkSystem - WARNING - Failed to capture frame from camera
2025-06-11 15:35:22,824 - CarParkSystem - WARNING - Failed to capture frame from camera
2025-06-11 15:35:22,855 - CarParkSystem - WARNING - Failed to capture frame from camera
2025-06-11 15:35:22,885 - CarParkSystem - WARNING - Failed to capture frame from camera
2025-06-11 15:35:22,916 - CarParkSystem - WARNING - Failed to capture frame from camera
2025-06-11 15:35:22,946 - CarParkSystem - WARNING - Failed to capture frame from camera
2025-06-11 15:35:22,977 - CarParkSystem - WARNING - Failed to capture frame from camera
2025-06-11 15:35:23,007 - CarParkSystem - WARNING - Failed to capture frame from camera
2025-06-11 15:35:23,038 - CarParkSystem - WARNING - Failed to capture frame from camera
2025-06-11 15:35:23,068 - CarParkSystem - WARNING - Failed to capture frame from camera
2025-06-11 15:35:23,100 - CarParkSystem - WARNING - Failed to capture frame from camera
2025-06-11 15:35:23,131 - CarParkSystem - WARNING - Failed to capture frame from camera
2025-06-11 15:35:23,161 - CarParkSystem - WARNING - Failed to capture frame from camera
2025-06-11 15:35:23,191 - CarParkSystem - WARNING - Failed to capture frame from camera
2025-06-11 15:35:23,221 - CarParkSystem - WARNING - Failed to capture frame from camera
2025-06-11 15:35:23,252 - CarParkSystem - WARNING - Failed to capture frame from camera
2025-06-11 15:35:23,282 - CarParkSystem - WARNING - Failed to capture frame from camera
2025-06-11 15:35:23,316 - CarParkSystem - WARNING - Failed to capture frame from camera
2025-06-11 15:35:23,346 - CarParkSystem - WARNING - Failed to capture frame from camera
2025-06-11 15:35:23,377 - CarParkSystem - WARNING - Failed to capture frame from camera
2025-06-11 15:35:23,407 - CarParkSystem - WARNING - Failed to capture frame from camera
2025-06-11 15:35:23,438 - CarParkSystem - WARNING - Failed to capture frame from camera
2025-06-11 15:35:23,468 - CarParkSystem - WARNING - Failed to capture frame from camera
2025-06-11 15:35:23,499 - CarParkSystem - WARNING - Failed to capture frame from camera
2025-06-11 15:35:23,529 - CarParkSystem - WARNING - Failed to capture frame from camera
2025-06-11 15:35:23,559 - CarParkSystem - WARNING - Failed to capture frame from camera
2025-06-11 15:35:23,590 - CarParkSystem - WARNING - Failed to capture frame from camera
2025-06-11 15:35:23,605 - CarParkSystem - INFO - System initialized and ready
2025-06-11 15:35:23,620 - CarParkSystem - WARNING - Failed to capture frame from camera
2025-06-11 15:35:23,651 - CarParkSystem - WARNING - Failed to capture frame from camera
2025-06-11 15:35:23,681 - CarParkSystem - WARNING - Failed to capture frame from camera
2025-06-11 15:35:23,711 - CarParkSystem - WARNING - Failed to capture frame from camera
2025-06-11 15:35:23,741 - CarParkSystem - WARNING - Failed to capture frame from camera
2025-06-11 15:35:23,772 - CarParkSystem - WARNING - Failed to capture frame from camera
2025-06-11 15:35:23,802 - CarParkSystem - WARNING - Failed to capture frame from camera
2025-06-11 15:35:23,833 - CarParkSystem - WARNING - Failed to capture frame from camera
2025-06-11 15:35:23,863 - CarParkSystem - WARNING - Failed to capture frame from camera
2025-06-11 15:35:23,893 - CarParkSystem - WARNING - Failed to capture frame from camera
2025-06-11 15:35:23,924 - CarParkSystem - WARNING - Failed to capture frame from camera
2025-06-11 15:35:23,954 - CarParkSystem - WARNING - Failed to capture frame from camera
2025-06-11 15:35:23,984 - CarParkSystem - WARNING - Failed to capture frame from camera
2025-06-11 15:35:24,015 - CarParkSystem - WARNING - Failed to capture frame from camera
2025-06-11 15:35:24,045 - CarParkSystem - WARNING - Failed to capture frame from camera
2025-06-11 15:35:24,077 - CarParkSystem - WARNING - Failed to capture frame from camera
2025-06-11 15:35:24,108 - CarParkSystem - WARNING - Failed to capture frame from camera
2025-06-11 15:35:24,139 - CarParkSystem - WARNING - Failed to capture frame from camera
2025-06-11 15:35:24,169 - CarParkSystem - WARNING - Failed to capture frame from camera
2025-06-11 15:35:24,199 - CarParkSystem - WARNING - Failed to capture frame from camera
2025-06-11 15:35:24,230 - CarParkSystem - WARNING - Failed to capture frame from camera
2025-06-11 15:35:24,260 - CarParkSystem - WARNING - Failed to capture frame from camera
2025-06-11 15:35:24,291 - CarParkSystem - WARNING - Failed to capture frame from camera
2025-06-11 15:35:24,321 - CarParkSystem - WARNING - Failed to capture frame from camera
2025-06-11 15:35:24,351 - CarParkSystem - WARNING - Failed to capture frame from camera
2025-06-11 15:35:24,382 - CarParkSystem - WARNING - Failed to capture frame from camera
2025-06-11 15:35:24,412 - CarParkSystem - WARNING - Failed to capture frame from camera
2025-06-11 15:35:24,442 - CarParkSystem - WARNING - Failed to capture frame from camera
2025-06-11 15:35:24,473 - CarParkSystem - WARNING - Failed to capture frame from camera
2025-06-11 15:35:24,503 - CarParkSystem - WARNING - Failed to capture frame from camera
2025-06-11 15:35:24,533 - CarParkSystem - WARNING - Failed to capture frame from camera
2025-06-11 15:35:24,564 - CarParkSystem - WARNING - Failed to capture frame from camera
2025-06-11 15:35:24,594 - CarParkSystem - WARNING - Failed to capture frame from camera
2025-06-11 15:35:24,624 - CarParkSystem - WARNING - Failed to capture frame from camera
2025-06-11 15:35:24,655 - CarParkSystem - WARNING - Failed to capture frame from camera
2025-06-11 15:35:24,685 - CarParkSystem - WARNING - Failed to capture frame from camera
2025-06-11 15:35:24,715 - CarParkSystem - WARNING - Failed to capture frame from camera
2025-06-11 15:35:24,746 - CarParkSystem - WARNING - Failed to capture frame from camera
2025-06-11 15:35:24,776 - CarParkSystem - WARNING - Failed to capture frame from camera
2025-06-11 15:35:24,806 - CarParkSystem - WARNING - Failed to capture frame from camera
2025-06-11 15:35:24,837 - CarParkSystem - WARNING - Failed to capture frame from camera
2025-06-11 15:35:24,868 - CarParkSystem - WARNING - Failed to capture frame from camera
2025-06-11 15:35:24,898 - CarParkSystem - WARNING - Failed to capture frame from camera
2025-06-11 15:35:24,929 - CarParkSystem - WARNING - Failed to capture frame from camera
2025-06-11 15:35:24,959 - CarParkSystem - WARNING - Failed to capture frame from camera
2025-06-11 15:35:24,990 - CarParkSystem - WARNING - Failed to capture frame from camera
2025-06-11 15:35:25,020 - CarParkSystem - WARNING - Failed to capture frame from camera
2025-06-11 15:35:25,051 - CarParkSystem - WARNING - Failed to capture frame from camera
2025-06-11 15:35:25,081 - CarParkSystem - WARNING - Failed to capture frame from camera
2025-06-11 15:35:25,111 - CarParkSystem - WARNING - Failed to capture frame from camera
2025-06-11 15:35:25,142 - CarParkSystem - WARNING - Failed to capture frame from camera
2025-06-11 15:35:25,173 - CarParkSystem - WARNING - Failed to capture frame from camera
2025-06-11 15:35:25,203 - CarParkSystem - WARNING - Failed to capture frame from camera
2025-06-11 15:35:25,233 - CarParkSystem - WARNING - Failed to capture frame from camera
2025-06-11 15:35:25,264 - CarParkSystem - WARNING - Failed to capture frame from camera
2025-06-11 15:35:25,294 - CarParkSystem - WARNING - Failed to capture frame from camera
2025-06-11 15:35:25,325 - CarParkSystem - WARNING - Failed to capture frame from camera
2025-06-11 15:35:25,355 - CarParkSystem - WARNING - Failed to capture frame from camera
2025-06-11 15:35:25,385 - CarParkSystem - WARNING - Failed to capture frame from camera
2025-06-11 15:35:25,416 - CarParkSystem - WARNING - Failed to capture frame from camera
2025-06-11 15:35:25,446 - CarParkSystem - WARNING - Failed to capture frame from camera
2025-06-11 15:35:25,477 - CarParkSystem - WARNING - Failed to capture frame from camera
2025-06-11 15:35:25,507 - CarParkSystem - WARNING - Failed to capture frame from camera
2025-06-11 15:35:25,538 - CarParkSystem - WARNING - Failed to capture frame from camera
2025-06-11 15:35:25,568 - CarParkSystem - WARNING - Failed to capture frame from camera
2025-06-11 15:35:25,598 - CarParkSystem - WARNING - Failed to capture frame from camera
2025-06-11 15:35:25,629 - CarParkSystem - WARNING - Failed to capture frame from camera
2025-06-11 15:35:25,659 - CarParkSystem - WARNING - Failed to capture frame from camera
2025-06-11 15:35:25,689 - CarParkSystem - WARNING - Failed to capture frame from camera
2025-06-11 15:35:25,720 - CarParkSystem - WARNING - Failed to capture frame from camera
2025-06-11 15:35:25,750 - CarParkSystem - WARNING - Failed to capture frame from camera
2025-06-11 15:35:25,780 - CarParkSystem - WARNING - Failed to capture frame from camera
2025-06-11 15:35:25,811 - CarParkSystem - WARNING - Failed to capture frame from camera
2025-06-11 15:35:25,841 - CarParkSystem - WARNING - Failed to capture frame from camera
2025-06-11 15:35:25,872 - CarParkSystem - WARNING - Failed to capture frame from camera
2025-06-11 15:35:25,902 - CarParkSystem - WARNING - Failed to capture frame from camera
2025-06-11 15:35:25,933 - CarParkSystem - WARNING - Failed to capture frame from camera
2025-06-11 15:35:25,963 - CarParkSystem - WARNING - Failed to capture frame from camera
2025-06-11 15:35:25,994 - CarParkSystem - WARNING - Failed to capture frame from camera
2025-06-11 15:35:26,024 - CarParkSystem - WARNING - Failed to capture frame from camera
2025-06-11 15:35:26,054 - CarParkSystem - WARNING - Failed to capture frame from camera
2025-06-11 15:35:26,085 - CarParkSystem - WARNING - Failed to capture frame from camera
2025-06-11 15:35:26,115 - CarParkSystem - WARNING - Failed to capture frame from camera
2025-06-11 15:35:26,146 - CarParkSystem - WARNING - Failed to capture frame from camera
2025-06-11 15:35:26,176 - CarParkSystem - WARNING - Failed to capture frame from camera
2025-06-11 15:35:26,207 - CarParkSystem - WARNING - Failed to capture frame from camera
2025-06-11 15:35:26,237 - CarParkSystem - WARNING - Failed to capture frame from camera
2025-06-11 15:35:26,267 - CarParkSystem - WARNING - Failed to capture frame from camera
2025-06-11 15:35:26,298 - CarParkSystem - WARNING - Failed to capture frame from camera
2025-06-11 15:35:26,329 - CarParkSystem - WARNING - Failed to capture frame from camera
2025-06-11 15:35:26,359 - CarParkSystem - WARNING - Failed to capture frame from camera
2025-06-11 15:35:26,390 - CarParkSystem - WARNING - Failed to capture frame from camera
2025-06-11 15:35:26,420 - CarParkSystem - WARNING - Failed to capture frame from camera
