2025-06-11 15:50:45,611 - CarParkSystem - INFO - Starting Car Park System
2025-06-11 15:50:45,611 - CarParkSystem - INFO - Connected to STM32 on /dev/ttyAMA10
2025-06-11 15:50:45,626 - CarParkSystem - INFO - Connected to database successfully
2025-06-11 15:50:45,640 - CarParkSystem - INFO - Camera initialized successfully
2025-06-11 15:50:45,644 - CarParkSystem - WARNING - Failed to capture frame from camera
2025-06-11 15:50:45,675 - CarParkSystem - WARNING - Failed to capture frame from camera
2025-06-11 15:50:45,705 - CarParkSystem - WARNING - Failed to capture frame from camera
2025-06-11 15:50:45,736 - CarParkSystem - WARNING - Failed to capture frame from camera
2025-06-11 15:50:45,766 - CarParkSystem - WARNING - Failed to capture frame from camera
2025-06-11 15:50:45,797 - CarParkSystem - WARNING - Failed to capture frame from camera
2025-06-11 15:50:45,829 - CarParkSystem - WARNING - Failed to capture frame from camera
2025-06-11 15:50:45,859 - CarParkSystem - WARNING - Failed to capture frame from camera
2025-06-11 15:50:45,890 - CarParkSystem - WARNING - Failed to capture frame from camera
2025-06-11 15:50:45,921 - CarParkSystem - WARNING - Failed to capture frame from camera
2025-06-11 15:50:45,953 - CarParkSystem - WARNING - Failed to capture frame from camera
2025-06-11 15:50:45,983 - CarParkSystem - WARNING - Failed to capture frame from camera
2025-06-11 15:50:46,013 - CarParkSystem - WARNING - Failed to capture frame from camera
2025-06-11 15:50:46,044 - CarParkSystem - WARNING - Failed to capture frame from camera
2025-06-11 15:50:46,076 - CarParkSystem - WARNING - Failed to capture frame from camera
2025-06-11 15:50:46,106 - CarParkSystem - WARNING - Failed to capture frame from camera
2025-06-11 15:50:46,136 - CarParkSystem - WARNING - Failed to capture frame from camera
2025-06-11 15:50:46,167 - CarParkSystem - WARNING - Failed to capture frame from camera
2025-06-11 15:50:46,199 - CarParkSystem - WARNING - Failed to capture frame from camera
2025-06-11 15:50:46,230 - CarParkSystem - WARNING - Failed to capture frame from camera
2025-06-11 15:50:46,260 - CarParkSystem - WARNING - Failed to capture frame from camera
2025-06-11 15:50:46,290 - CarParkSystem - WARNING - Failed to capture frame from camera
2025-06-11 15:50:46,321 - CarParkSystem - WARNING - Failed to capture frame from camera
2025-06-11 15:50:46,351 - CarParkSystem - WARNING - Failed to capture frame from camera
2025-06-11 15:50:46,382 - CarParkSystem - WARNING - Failed to capture frame from camera
2025-06-11 15:50:46,412 - CarParkSystem - WARNING - Failed to capture frame from camera
2025-06-11 15:50:46,443 - CarParkSystem - WARNING - Failed to capture frame from camera
2025-06-11 15:50:46,473 - CarParkSystem - WARNING - Failed to capture frame from camera
2025-06-11 15:50:46,504 - CarParkSystem - WARNING - Failed to capture frame from camera
2025-06-11 15:50:46,534 - CarParkSystem - WARNING - Failed to capture frame from camera
2025-06-11 15:50:46,565 - CarParkSystem - WARNING - Failed to capture frame from camera
2025-06-11 15:50:46,595 - CarParkSystem - WARNING - Failed to capture frame from camera
2025-06-11 15:50:46,625 - CarParkSystem - WARNING - Failed to capture frame from camera
2025-06-11 15:50:46,656 - CarParkSystem - WARNING - Failed to capture frame from camera
2025-06-11 15:50:46,686 - CarParkSystem - WARNING - Failed to capture frame from camera
2025-06-11 15:50:46,716 - CarParkSystem - WARNING - Failed to capture frame from camera
2025-06-11 15:50:46,747 - CarParkSystem - WARNING - Failed to capture frame from camera
2025-06-11 15:50:46,777 - CarParkSystem - WARNING - Failed to capture frame from camera
2025-06-11 15:50:46,807 - CarParkSystem - WARNING - Failed to capture frame from camera
2025-06-11 15:50:46,838 - CarParkSystem - WARNING - Failed to capture frame from camera
2025-06-11 15:50:46,868 - CarParkSystem - WARNING - Failed to capture frame from camera
2025-06-11 15:50:46,899 - CarParkSystem - WARNING - Failed to capture frame from camera
2025-06-11 15:50:46,929 - CarParkSystem - WARNING - Failed to capture frame from camera
2025-06-11 15:50:46,959 - CarParkSystem - WARNING - Failed to capture frame from camera
2025-06-11 15:50:46,990 - CarParkSystem - WARNING - Failed to capture frame from camera
2025-06-11 15:50:47,020 - CarParkSystem - WARNING - Failed to capture frame from camera
2025-06-11 15:50:47,050 - CarParkSystem - WARNING - Failed to capture frame from camera
2025-06-11 15:50:47,081 - CarParkSystem - WARNING - Failed to capture frame from camera
2025-06-11 15:50:47,111 - CarParkSystem - WARNING - Failed to capture frame from camera
2025-06-11 15:50:47,142 - CarParkSystem - WARNING - Failed to capture frame from camera
2025-06-11 15:50:47,174 - CarParkSystem - WARNING - Failed to capture frame from camera
2025-06-11 15:50:47,206 - CarParkSystem - WARNING - Failed to capture frame from camera
2025-06-11 15:50:47,237 - CarParkSystem - WARNING - Failed to capture frame from camera
2025-06-11 15:50:47,267 - CarParkSystem - WARNING - Failed to capture frame from camera
2025-06-11 15:50:47,297 - CarParkSystem - WARNING - Failed to capture frame from camera
2025-06-11 15:50:47,329 - CarParkSystem - WARNING - Failed to capture frame from camera
2025-06-11 15:50:47,359 - CarParkSystem - WARNING - Failed to capture frame from camera
2025-06-11 15:50:47,390 - CarParkSystem - WARNING - Failed to capture frame from camera
2025-06-11 15:50:47,420 - CarParkSystem - WARNING - Failed to capture frame from camera
2025-06-11 15:50:47,451 - CarParkSystem - WARNING - Failed to capture frame from camera
2025-06-11 15:50:47,482 - CarParkSystem - WARNING - Failed to capture frame from camera
2025-06-11 15:50:47,512 - CarParkSystem - WARNING - Failed to capture frame from camera
2025-06-11 15:50:47,542 - CarParkSystem - WARNING - Failed to capture frame from camera
2025-06-11 15:50:47,573 - CarParkSystem - WARNING - Failed to capture frame from camera
2025-06-11 15:50:47,603 - CarParkSystem - WARNING - Failed to capture frame from camera
2025-06-11 15:50:47,627 - CarParkSystem - INFO - System initialized and ready
2025-06-11 15:50:47,634 - CarParkSystem - WARNING - Failed to capture frame from camera
2025-06-11 15:50:47,664 - CarParkSystem - WARNING - Failed to capture frame from camera
2025-06-11 15:50:47,694 - CarParkSystem - WARNING - Failed to capture frame from camera
2025-06-11 15:50:47,725 - CarParkSystem - WARNING - Failed to capture frame from camera
2025-06-11 15:50:47,755 - CarParkSystem - WARNING - Failed to capture frame from camera
2025-06-11 15:50:47,786 - CarParkSystem - WARNING - Failed to capture frame from camera
2025-06-11 15:50:47,816 - CarParkSystem - WARNING - Failed to capture frame from camera
2025-06-11 15:50:47,847 - CarParkSystem - WARNING - Failed to capture frame from camera
2025-06-11 15:50:47,877 - CarParkSystem - WARNING - Failed to capture frame from camera
2025-06-11 15:50:47,908 - CarParkSystem - WARNING - Failed to capture frame from camera
2025-06-11 15:50:47,938 - CarParkSystem - WARNING - Failed to capture frame from camera
2025-06-11 15:50:47,968 - CarParkSystem - WARNING - Failed to capture frame from camera
2025-06-11 15:50:47,999 - CarParkSystem - WARNING - Failed to capture frame from camera
2025-06-11 15:50:48,029 - CarParkSystem - WARNING - Failed to capture frame from camera
2025-06-11 15:50:48,059 - CarParkSystem - WARNING - Failed to capture frame from camera
2025-06-11 15:50:48,090 - CarParkSystem - WARNING - Failed to capture frame from camera
2025-06-11 15:50:48,120 - CarParkSystem - WARNING - Failed to capture frame from camera
2025-06-11 15:50:48,151 - CarParkSystem - WARNING - Failed to capture frame from camera
2025-06-11 15:50:48,181 - CarParkSystem - WARNING - Failed to capture frame from camera
2025-06-11 15:50:48,212 - CarParkSystem - WARNING - Failed to capture frame from camera
2025-06-11 15:50:48,243 - CarParkSystem - WARNING - Failed to capture frame from camera
2025-06-11 15:50:48,273 - CarParkSystem - WARNING - Failed to capture frame from camera
2025-06-11 15:50:48,304 - CarParkSystem - WARNING - Failed to capture frame from camera
2025-06-11 15:50:48,334 - CarParkSystem - WARNING - Failed to capture frame from camera
2025-06-11 15:50:48,365 - CarParkSystem - WARNING - Failed to capture frame from camera
2025-06-11 15:50:48,395 - CarParkSystem - WARNING - Failed to capture frame from camera
2025-06-11 15:50:48,426 - CarParkSystem - WARNING - Failed to capture frame from camera
2025-06-11 15:50:48,456 - CarParkSystem - WARNING - Failed to capture frame from camera
2025-06-11 15:50:48,487 - CarParkSystem - WARNING - Failed to capture frame from camera
2025-06-11 15:50:48,518 - CarParkSystem - WARNING - Failed to capture frame from camera
2025-06-11 15:50:48,551 - CarParkSystem - WARNING - Failed to capture frame from camera
2025-06-11 15:50:48,582 - CarParkSystem - WARNING - Failed to capture frame from camera
2025-06-11 15:50:48,613 - CarParkSystem - WARNING - Failed to capture frame from camera
2025-06-11 15:50:48,643 - CarParkSystem - WARNING - Failed to capture frame from camera
2025-06-11 15:50:48,676 - CarParkSystem - WARNING - Failed to capture frame from camera
2025-06-11 15:50:48,706 - CarParkSystem - WARNING - Failed to capture frame from camera
2025-06-11 15:50:48,736 - CarParkSystem - WARNING - Failed to capture frame from camera
2025-06-11 15:50:48,769 - CarParkSystem - WARNING - Failed to capture frame from camera
2025-06-11 15:50:48,800 - CarParkSystem - WARNING - Failed to capture frame from camera
2025-06-11 15:50:48,830 - CarParkSystem - WARNING - Failed to capture frame from camera
2025-06-11 15:50:48,860 - CarParkSystem - WARNING - Failed to capture frame from camera
2025-06-11 15:50:48,892 - CarParkSystem - WARNING - Failed to capture frame from camera
2025-06-11 15:50:48,923 - CarParkSystem - WARNING - Failed to capture frame from camera
2025-06-11 15:50:48,955 - CarParkSystem - WARNING - Failed to capture frame from camera
2025-06-11 15:50:48,985 - CarParkSystem - WARNING - Failed to capture frame from camera
2025-06-11 15:50:49,015 - CarParkSystem - WARNING - Failed to capture frame from camera
2025-06-11 15:50:49,045 - CarParkSystem - WARNING - Failed to capture frame from camera
2025-06-11 15:50:49,076 - CarParkSystem - WARNING - Failed to capture frame from camera
2025-06-11 15:50:49,106 - CarParkSystem - WARNING - Failed to capture frame from camera
2025-06-11 15:50:49,137 - CarParkSystem - WARNING - Failed to capture frame from camera
2025-06-11 15:50:49,167 - CarParkSystem - WARNING - Failed to capture frame from camera
2025-06-11 15:50:49,198 - CarParkSystem - WARNING - Failed to capture frame from camera
2025-06-11 15:50:49,228 - CarParkSystem - WARNING - Failed to capture frame from camera
2025-06-11 15:50:49,258 - CarParkSystem - WARNING - Failed to capture frame from camera
2025-06-11 15:50:49,289 - CarParkSystem - WARNING - Failed to capture frame from camera
2025-06-11 15:50:49,319 - CarParkSystem - WARNING - Failed to capture frame from camera
2025-06-11 15:50:49,350 - CarParkSystem - WARNING - Failed to capture frame from camera
2025-06-11 15:50:49,380 - CarParkSystem - WARNING - Failed to capture frame from camera
2025-06-11 15:50:49,410 - CarParkSystem - WARNING - Failed to capture frame from camera
2025-06-11 15:50:49,441 - CarParkSystem - WARNING - Failed to capture frame from camera
2025-06-11 15:50:49,472 - CarParkSystem - WARNING - Failed to capture frame from camera
2025-06-11 15:50:49,502 - CarParkSystem - WARNING - Failed to capture frame from camera
2025-06-11 15:50:49,533 - CarParkSystem - WARNING - Failed to capture frame from camera
2025-06-11 15:50:49,563 - CarParkSystem - WARNING - Failed to capture frame from camera
2025-06-11 15:50:49,594 - CarParkSystem - WARNING - Failed to capture frame from camera
2025-06-11 15:50:49,624 - CarParkSystem - WARNING - Failed to capture frame from camera
2025-06-11 15:50:49,655 - CarParkSystem - WARNING - Failed to capture frame from camera
2025-06-11 15:50:49,685 - CarParkSystem - WARNING - Failed to capture frame from camera
2025-06-11 15:50:49,716 - CarParkSystem - WARNING - Failed to capture frame from camera
2025-06-11 15:50:49,747 - CarParkSystem - WARNING - Failed to capture frame from camera
2025-06-11 15:50:49,777 - CarParkSystem - WARNING - Failed to capture frame from camera
2025-06-11 15:50:49,808 - CarParkSystem - WARNING - Failed to capture frame from camera
2025-06-11 15:50:49,838 - CarParkSystem - WARNING - Failed to capture frame from camera
2025-06-11 15:50:49,869 - CarParkSystem - WARNING - Failed to capture frame from camera
2025-06-11 15:50:49,899 - CarParkSystem - WARNING - Failed to capture frame from camera
2025-06-11 15:50:49,930 - CarParkSystem - WARNING - Failed to capture frame from camera
2025-06-11 15:50:49,960 - CarParkSystem - WARNING - Failed to capture frame from camera
2025-06-11 15:50:49,991 - CarParkSystem - WARNING - Failed to capture frame from camera
2025-06-11 15:50:50,021 - CarParkSystem - WARNING - Failed to capture frame from camera
2025-06-11 15:50:50,051 - CarParkSystem - WARNING - Failed to capture frame from camera
2025-06-11 15:50:50,082 - CarParkSystem - WARNING - Failed to capture frame from camera
2025-06-11 15:50:50,112 - CarParkSystem - WARNING - Failed to capture frame from camera
2025-06-11 15:50:50,142 - CarParkSystem - WARNING - Failed to capture frame from camera
2025-06-11 15:50:50,173 - CarParkSystem - WARNING - Failed to capture frame from camera
2025-06-11 15:50:50,203 - CarParkSystem - WARNING - Failed to capture frame from camera
2025-06-11 15:50:50,233 - CarParkSystem - WARNING - Failed to capture frame from camera
2025-06-11 15:50:50,264 - CarParkSystem - WARNING - Failed to capture frame from camera
2025-06-11 15:50:50,294 - CarParkSystem - WARNING - Failed to capture frame from camera
2025-06-11 15:50:50,324 - CarParkSystem - WARNING - Failed to capture frame from camera
2025-06-11 15:50:50,355 - CarParkSystem - WARNING - Failed to capture frame from camera
2025-06-11 15:50:50,385 - CarParkSystem - WARNING - Failed to capture frame from camera
2025-06-11 15:50:50,415 - CarParkSystem - WARNING - Failed to capture frame from camera
2025-06-11 15:50:50,446 - CarParkSystem - WARNING - Failed to capture frame from camera
2025-06-11 15:50:50,477 - CarParkSystem - WARNING - Failed to capture frame from camera
2025-06-11 15:50:50,507 - CarParkSystem - WARNING - Failed to capture frame from camera
2025-06-11 15:50:50,538 - CarParkSystem - WARNING - Failed to capture frame from camera
2025-06-11 15:50:50,568 - CarParkSystem - WARNING - Failed to capture frame from camera
2025-06-11 15:50:50,599 - CarParkSystem - WARNING - Failed to capture frame from camera
2025-06-11 15:50:50,629 - CarParkSystem - WARNING - Failed to capture frame from camera
2025-06-11 15:50:50,660 - CarParkSystem - WARNING - Failed to capture frame from camera
2025-06-11 15:50:50,690 - CarParkSystem - WARNING - Failed to capture frame from camera
2025-06-11 15:50:50,721 - CarParkSystem - WARNING - Failed to capture frame from camera
2025-06-11 15:50:50,751 - CarParkSystem - WARNING - Failed to capture frame from camera
2025-06-11 15:50:50,782 - CarParkSystem - WARNING - Failed to capture frame from camera
2025-06-11 15:50:50,812 - CarParkSystem - WARNING - Failed to capture frame from camera
2025-06-11 15:50:50,843 - CarParkSystem - WARNING - Failed to capture frame from camera
2025-06-11 15:50:50,873 - CarParkSystem - WARNING - Failed to capture frame from camera
2025-06-11 15:50:50,903 - CarParkSystem - WARNING - Failed to capture frame from camera
2025-06-11 15:50:50,934 - CarParkSystem - WARNING - Failed to capture frame from camera
2025-06-11 15:50:50,965 - CarParkSystem - WARNING - Failed to capture frame from camera
2025-06-11 15:50:50,995 - CarParkSystem - WARNING - Failed to capture frame from camera
2025-06-11 15:50:51,026 - CarParkSystem - WARNING - Failed to capture frame from camera
2025-06-11 15:50:51,056 - CarParkSystem - WARNING - Failed to capture frame from camera
2025-06-11 15:50:51,087 - CarParkSystem - WARNING - Failed to capture frame from camera
2025-06-11 15:50:51,117 - CarParkSystem - WARNING - Failed to capture frame from camera
2025-06-11 15:50:51,147 - CarParkSystem - WARNING - Failed to capture frame from camera
2025-06-11 15:50:51,178 - CarParkSystem - WARNING - Failed to capture frame from camera
2025-06-11 15:50:51,208 - CarParkSystem - WARNING - Failed to capture frame from camera
2025-06-11 15:50:51,239 - CarParkSystem - WARNING - Failed to capture frame from camera
2025-06-11 15:50:51,269 - CarParkSystem - WARNING - Failed to capture frame from camera
2025-06-11 15:50:51,299 - CarParkSystem - WARNING - Failed to capture frame from camera
2025-06-11 15:50:51,329 - CarParkSystem - WARNING - Failed to capture frame from camera
2025-06-11 15:50:51,360 - CarParkSystem - WARNING - Failed to capture frame from camera
2025-06-11 15:50:51,390 - CarParkSystem - WARNING - Failed to capture frame from camera
2025-06-11 15:50:51,421 - CarParkSystem - WARNING - Failed to capture frame from camera
2025-06-11 15:50:51,451 - CarParkSystem - WARNING - Failed to capture frame from camera
2025-06-11 15:50:51,482 - CarParkSystem - WARNING - Failed to capture frame from camera
2025-06-11 15:50:51,512 - CarParkSystem - WARNING - Failed to capture frame from camera
2025-06-11 15:50:51,543 - CarParkSystem - WARNING - Failed to capture frame from camera
2025-06-11 15:50:51,573 - CarParkSystem - WARNING - Failed to capture frame from camera
2025-06-11 15:50:51,604 - CarParkSystem - WARNING - Failed to capture frame from camera
2025-06-11 15:50:51,634 - CarParkSystem - WARNING - Failed to capture frame from camera
2025-06-11 15:50:51,665 - CarParkSystem - WARNING - Failed to capture frame from camera
2025-06-11 15:50:51,695 - CarParkSystem - WARNING - Failed to capture frame from camera
2025-06-11 15:50:51,725 - CarParkSystem - WARNING - Failed to capture frame from camera
2025-06-11 15:50:51,756 - CarParkSystem - WARNING - Failed to capture frame from camera
2025-06-11 15:50:51,786 - CarParkSystem - WARNING - Failed to capture frame from camera
2025-06-11 15:50:51,817 - CarParkSystem - WARNING - Failed to capture frame from camera
2025-06-11 15:50:51,849 - CarParkSystem - WARNING - Failed to capture frame from camera
2025-06-11 15:50:51,880 - CarParkSystem - WARNING - Failed to capture frame from camera
2025-06-11 15:50:51,911 - CarParkSystem - WARNING - Failed to capture frame from camera
2025-06-11 15:50:51,942 - CarParkSystem - WARNING - Failed to capture frame from camera
2025-06-11 15:50:51,972 - CarParkSystem - WARNING - Failed to capture frame from camera
2025-06-11 15:50:52,002 - CarParkSystem - WARNING - Failed to capture frame from camera
2025-06-11 15:50:52,035 - CarParkSystem - WARNING - Failed to capture frame from camera
2025-06-11 15:50:52,065 - CarParkSystem - WARNING - Failed to capture frame from camera
2025-06-11 15:50:52,095 - CarParkSystem - WARNING - Failed to capture frame from camera
2025-06-11 15:50:52,126 - CarParkSystem - WARNING - Failed to capture frame from camera
2025-06-11 15:50:52,156 - CarParkSystem - WARNING - Failed to capture frame from camera
2025-06-11 15:50:52,186 - CarParkSystem - WARNING - Failed to capture frame from camera
2025-06-11 15:50:52,217 - CarParkSystem - WARNING - Failed to capture frame from camera
2025-06-11 15:50:52,247 - CarParkSystem - WARNING - Failed to capture frame from camera
2025-06-11 15:50:52,278 - CarParkSystem - WARNING - Failed to capture frame from camera
2025-06-11 15:50:52,308 - CarParkSystem - WARNING - Failed to capture frame from camera
2025-06-11 15:50:52,339 - CarParkSystem - WARNING - Failed to capture frame from camera
2025-06-11 15:50:52,369 - CarParkSystem - WARNING - Failed to capture frame from camera
2025-06-11 15:50:52,400 - CarParkSystem - WARNING - Failed to capture frame from camera
2025-06-11 15:50:52,430 - CarParkSystem - WARNING - Failed to capture frame from camera
2025-06-11 15:50:52,460 - CarParkSystem - WARNING - Failed to capture frame from camera
2025-06-11 15:50:52,491 - CarParkSystem - WARNING - Failed to capture frame from camera
2025-06-11 15:50:52,521 - CarParkSystem - WARNING - Failed to capture frame from camera
2025-06-11 15:50:52,551 - CarParkSystem - WARNING - Failed to capture frame from camera
2025-06-11 15:50:52,582 - CarParkSystem - WARNING - Failed to capture frame from camera
2025-06-11 15:50:52,612 - CarParkSystem - WARNING - Failed to capture frame from camera
2025-06-11 15:50:52,643 - CarParkSystem - WARNING - Failed to capture frame from camera
2025-06-11 15:50:52,674 - CarParkSystem - WARNING - Failed to capture frame from camera
2025-06-11 15:50:52,705 - CarParkSystem - WARNING - Failed to capture frame from camera
2025-06-11 15:50:52,735 - CarParkSystem - WARNING - Failed to capture frame from camera
2025-06-11 15:50:52,766 - CarParkSystem - WARNING - Failed to capture frame from camera
2025-06-11 15:50:52,796 - CarParkSystem - WARNING - Failed to capture frame from camera
2025-06-11 15:50:52,827 - CarParkSystem - WARNING - Failed to capture frame from camera
2025-06-11 15:50:52,857 - CarParkSystem - WARNING - Failed to capture frame from camera
2025-06-11 15:50:52,888 - CarParkSystem - WARNING - Failed to capture frame from camera
2025-06-11 15:50:52,918 - CarParkSystem - WARNING - Failed to capture frame from camera
2025-06-11 15:50:52,948 - CarParkSystem - WARNING - Failed to capture frame from camera
2025-06-11 15:50:52,979 - CarParkSystem - WARNING - Failed to capture frame from camera
2025-06-11 15:50:53,009 - CarParkSystem - WARNING - Failed to capture frame from camera
2025-06-11 15:50:53,039 - CarParkSystem - WARNING - Failed to capture frame from camera
2025-06-11 15:50:53,070 - CarParkSystem - WARNING - Failed to capture frame from camera
2025-06-11 15:50:53,100 - CarParkSystem - WARNING - Failed to capture frame from camera
2025-06-11 15:50:53,131 - CarParkSystem - WARNING - Failed to capture frame from camera
2025-06-11 15:50:53,161 - CarParkSystem - WARNING - Failed to capture frame from camera
2025-06-11 15:50:53,191 - CarParkSystem - WARNING - Failed to capture frame from camera
2025-06-11 15:50:53,222 - CarParkSystem - WARNING - Failed to capture frame from camera
2025-06-11 15:50:53,252 - CarParkSystem - WARNING - Failed to capture frame from camera
2025-06-11 15:50:53,282 - CarParkSystem - WARNING - Failed to capture frame from camera
2025-06-11 15:50:53,312 - CarParkSystem - WARNING - Failed to capture frame from camera
2025-06-11 15:50:53,343 - CarParkSystem - WARNING - Failed to capture frame from camera
2025-06-11 15:50:53,373 - CarParkSystem - WARNING - Failed to capture frame from camera
2025-06-11 15:50:53,403 - CarParkSystem - WARNING - Failed to capture frame from camera
2025-06-11 15:50:53,434 - CarParkSystem - WARNING - Failed to capture frame from camera
2025-06-11 15:50:53,464 - CarParkSystem - WARNING - Failed to capture frame from camera
2025-06-11 15:50:53,494 - CarParkSystem - WARNING - Failed to capture frame from camera
2025-06-11 15:50:53,525 - CarParkSystem - WARNING - Failed to capture frame from camera
2025-06-11 15:50:53,555 - CarParkSystem - WARNING - Failed to capture frame from camera
2025-06-11 15:50:53,585 - CarParkSystem - WARNING - Failed to capture frame from camera
2025-06-11 15:50:53,615 - CarParkSystem - WARNING - Failed to capture frame from camera
2025-06-11 15:50:53,646 - CarParkSystem - WARNING - Failed to capture frame from camera
2025-06-11 15:50:53,676 - CarParkSystem - WARNING - Failed to capture frame from camera
2025-06-11 15:50:53,707 - CarParkSystem - WARNING - Failed to capture frame from camera
2025-06-11 15:50:53,737 - CarParkSystem - WARNING - Failed to capture frame from camera
2025-06-11 15:50:53,768 - CarParkSystem - WARNING - Failed to capture frame from camera
2025-06-11 15:50:53,798 - CarParkSystem - WARNING - Failed to capture frame from camera
2025-06-11 15:50:53,829 - CarParkSystem - WARNING - Failed to capture frame from camera
2025-06-11 15:50:53,859 - CarParkSystem - WARNING - Failed to capture frame from camera
2025-06-11 15:50:53,889 - CarParkSystem - WARNING - Failed to capture frame from camera
2025-06-11 15:50:53,920 - CarParkSystem - WARNING - Failed to capture frame from camera
2025-06-11 15:50:53,951 - CarParkSystem - WARNING - Failed to capture frame from camera
2025-06-11 15:50:53,981 - CarParkSystem - WARNING - Failed to capture frame from camera
2025-06-11 15:50:54,013 - CarParkSystem - WARNING - Failed to capture frame from camera
2025-06-11 15:50:54,044 - CarParkSystem - WARNING - Failed to capture frame from camera
2025-06-11 15:50:54,074 - CarParkSystem - WARNING - Failed to capture frame from camera
2025-06-11 15:50:54,105 - CarParkSystem - WARNING - Failed to capture frame from camera
2025-06-11 15:50:54,135 - CarParkSystem - WARNING - Failed to capture frame from camera
2025-06-11 15:50:54,165 - CarParkSystem - WARNING - Failed to capture frame from camera
2025-06-11 15:50:54,196 - CarParkSystem - WARNING - Failed to capture frame from camera
2025-06-11 15:50:54,226 - CarParkSystem - WARNING - Failed to capture frame from camera
2025-06-11 15:50:54,256 - CarParkSystem - WARNING - Failed to capture frame from camera
2025-06-11 15:50:54,287 - CarParkSystem - WARNING - Failed to capture frame from camera
2025-06-11 15:50:54,317 - CarParkSystem - WARNING - Failed to capture frame from camera
2025-06-11 15:50:54,348 - CarParkSystem - WARNING - Failed to capture frame from camera
2025-06-11 15:50:54,378 - CarParkSystem - WARNING - Failed to capture frame from camera
2025-06-11 15:50:54,409 - CarParkSystem - WARNING - Failed to capture frame from camera
2025-06-11 15:50:54,439 - CarParkSystem - WARNING - Failed to capture frame from camera
2025-06-11 15:50:54,469 - CarParkSystem - WARNING - Failed to capture frame from camera
2025-06-11 15:50:54,500 - CarParkSystem - WARNING - Failed to capture frame from camera
2025-06-11 15:50:54,530 - CarParkSystem - WARNING - Failed to capture frame from camera
2025-06-11 15:50:54,560 - CarParkSystem - WARNING - Failed to capture frame from camera
2025-06-11 15:50:54,591 - CarParkSystem - WARNING - Failed to capture frame from camera
2025-06-11 15:50:54,622 - CarParkSystem - WARNING - Failed to capture frame from camera
2025-06-11 15:50:54,652 - CarParkSystem - WARNING - Failed to capture frame from camera
2025-06-11 15:50:54,683 - CarParkSystem - WARNING - Failed to capture frame from camera
2025-06-11 15:50:54,714 - CarParkSystem - WARNING - Failed to capture frame from camera
2025-06-11 15:50:54,744 - CarParkSystem - WARNING - Failed to capture frame from camera
2025-06-11 15:50:54,775 - CarParkSystem - WARNING - Failed to capture frame from camera
2025-06-11 15:50:54,805 - CarParkSystem - WARNING - Failed to capture frame from camera
2025-06-11 15:50:54,835 - CarParkSystem - WARNING - Failed to capture frame from camera
2025-06-11 15:50:54,866 - CarParkSystem - WARNING - Failed to capture frame from camera
2025-06-11 15:50:54,896 - CarParkSystem - WARNING - Failed to capture frame from camera
2025-06-11 15:50:54,927 - CarParkSystem - WARNING - Failed to capture frame from camera
2025-06-11 15:50:54,957 - CarParkSystem - WARNING - Failed to capture frame from camera
2025-06-11 15:50:54,988 - CarParkSystem - WARNING - Failed to capture frame from camera
2025-06-11 15:50:55,018 - CarParkSystem - WARNING - Failed to capture frame from camera
2025-06-11 15:50:55,048 - CarParkSystem - WARNING - Failed to capture frame from camera
2025-06-11 15:50:55,079 - CarParkSystem - WARNING - Failed to capture frame from camera
2025-06-11 15:50:55,109 - CarParkSystem - WARNING - Failed to capture frame from camera
2025-06-11 15:50:55,139 - CarParkSystem - WARNING - Failed to capture frame from camera
2025-06-11 15:50:55,170 - CarParkSystem - WARNING - Failed to capture frame from camera
2025-06-11 15:50:55,200 - CarParkSystem - WARNING - Failed to capture frame from camera
2025-06-11 15:50:55,230 - CarParkSystem - WARNING - Failed to capture frame from camera
2025-06-11 15:50:55,261 - CarParkSystem - WARNING - Failed to capture frame from camera
2025-06-11 15:50:55,291 - CarParkSystem - WARNING - Failed to capture frame from camera
2025-06-11 15:50:55,321 - CarParkSystem - WARNING - Failed to capture frame from camera
2025-06-11 15:50:55,352 - CarParkSystem - WARNING - Failed to capture frame from camera
2025-06-11 15:50:55,382 - CarParkSystem - WARNING - Failed to capture frame from camera
2025-06-11 15:50:55,413 - CarParkSystem - WARNING - Failed to capture frame from camera
2025-06-11 15:50:55,443 - CarParkSystem - WARNING - Failed to capture frame from camera
2025-06-11 15:50:55,475 - CarParkSystem - WARNING - Failed to capture frame from camera
2025-06-11 15:50:55,505 - CarParkSystem - WARNING - Failed to capture frame from camera
2025-06-11 15:50:55,536 - CarParkSystem - WARNING - Failed to capture frame from camera
2025-06-11 15:50:55,566 - CarParkSystem - WARNING - Failed to capture frame from camera
2025-06-11 15:50:55,597 - CarParkSystem - WARNING - Failed to capture frame from camera
2025-06-11 15:50:55,627 - CarParkSystem - WARNING - Failed to capture frame from camera
2025-06-11 15:50:55,657 - CarParkSystem - WARNING - Failed to capture frame from camera
2025-06-11 15:50:55,688 - CarParkSystem - WARNING - Failed to capture frame from camera
2025-06-11 15:50:55,718 - CarParkSystem - WARNING - Failed to capture frame from camera
2025-06-11 15:50:55,749 - CarParkSystem - WARNING - Failed to capture frame from camera
2025-06-11 15:50:55,780 - CarParkSystem - WARNING - Failed to capture frame from camera
2025-06-11 15:50:55,810 - CarParkSystem - WARNING - Failed to capture frame from camera
2025-06-11 15:50:55,841 - CarParkSystem - WARNING - Failed to capture frame from camera
2025-06-11 15:50:55,871 - CarParkSystem - WARNING - Failed to capture frame from camera
2025-06-11 15:50:55,902 - CarParkSystem - WARNING - Failed to capture frame from camera
2025-06-11 15:50:55,932 - CarParkSystem - WARNING - Failed to capture frame from camera
2025-06-11 15:50:55,964 - CarParkSystem - WARNING - Failed to capture frame from camera
2025-06-11 15:50:55,994 - CarParkSystem - WARNING - Failed to capture frame from camera
2025-06-11 15:50:56,025 - CarParkSystem - WARNING - Failed to capture frame from camera
2025-06-11 15:50:56,055 - CarParkSystem - WARNING - Failed to capture frame from camera
2025-06-11 15:50:56,086 - CarParkSystem - WARNING - Failed to capture frame from camera
2025-06-11 15:50:56,116 - CarParkSystem - WARNING - Failed to capture frame from camera
2025-06-11 15:50:56,146 - CarParkSystem - WARNING - Failed to capture frame from camera
2025-06-11 15:50:56,177 - CarParkSystem - WARNING - Failed to capture frame from camera
2025-06-11 15:50:56,207 - CarParkSystem - WARNING - Failed to capture frame from camera
2025-06-11 15:50:56,237 - CarParkSystem - WARNING - Failed to capture frame from camera
2025-06-11 15:50:56,268 - CarParkSystem - WARNING - Failed to capture frame from camera
2025-06-11 15:50:56,298 - CarParkSystem - WARNING - Failed to capture frame from camera
2025-06-11 15:50:56,328 - CarParkSystem - WARNING - Failed to capture frame from camera
2025-06-11 15:50:56,358 - CarParkSystem - WARNING - Failed to capture frame from camera
2025-06-11 15:50:56,389 - CarParkSystem - WARNING - Failed to capture frame from camera
2025-06-11 15:50:56,419 - CarParkSystem - WARNING - Failed to capture frame from camera
2025-06-11 15:50:56,450 - CarParkSystem - WARNING - Failed to capture frame from camera
2025-06-11 15:50:56,480 - CarParkSystem - WARNING - Failed to capture frame from camera
2025-06-11 15:50:56,511 - CarParkSystem - WARNING - Failed to capture frame from camera
2025-06-11 15:50:56,541 - CarParkSystem - WARNING - Failed to capture frame from camera
2025-06-11 15:50:56,572 - CarParkSystem - WARNING - Failed to capture frame from camera
2025-06-11 15:50:56,602 - CarParkSystem - WARNING - Failed to capture frame from camera
2025-06-11 15:50:56,633 - CarParkSystem - WARNING - Failed to capture frame from camera
2025-06-11 15:50:56,664 - CarParkSystem - WARNING - Failed to capture frame from camera
2025-06-11 15:50:56,695 - CarParkSystem - WARNING - Failed to capture frame from camera
2025-06-11 15:50:56,725 - CarParkSystem - WARNING - Failed to capture frame from camera
2025-06-11 15:50:56,756 - CarParkSystem - WARNING - Failed to capture frame from camera
2025-06-11 15:50:56,786 - CarParkSystem - WARNING - Failed to capture frame from camera
2025-06-11 15:50:56,817 - CarParkSystem - WARNING - Failed to capture frame from camera
2025-06-11 15:50:56,847 - CarParkSystem - WARNING - Failed to capture frame from camera
2025-06-11 15:50:56,877 - CarParkSystem - WARNING - Failed to capture frame from camera
2025-06-11 15:50:56,908 - CarParkSystem - WARNING - Failed to capture frame from camera
2025-06-11 15:50:56,938 - CarParkSystem - WARNING - Failed to capture frame from camera
2025-06-11 15:50:56,969 - CarParkSystem - WARNING - Failed to capture frame from camera
2025-06-11 15:50:56,999 - CarParkSystem - WARNING - Failed to capture frame from camera
2025-06-11 15:50:57,030 - CarParkSystem - WARNING - Failed to capture frame from camera
2025-06-11 15:50:57,060 - CarParkSystem - WARNING - Failed to capture frame from camera
2025-06-11 15:50:57,091 - CarParkSystem - WARNING - Failed to capture frame from camera
2025-06-11 15:50:57,121 - CarParkSystem - WARNING - Failed to capture frame from camera
2025-06-11 15:50:57,151 - CarParkSystem - WARNING - Failed to capture frame from camera
2025-06-11 15:50:57,182 - CarParkSystem - WARNING - Failed to capture frame from camera
2025-06-11 15:50:57,212 - CarParkSystem - WARNING - Failed to capture frame from camera
2025-06-11 15:50:57,243 - CarParkSystem - WARNING - Failed to capture frame from camera
2025-06-11 15:50:57,273 - CarParkSystem - WARNING - Failed to capture frame from camera
2025-06-11 15:50:57,303 - CarParkSystem - WARNING - Failed to capture frame from camera
2025-06-11 15:50:57,334 - CarParkSystem - WARNING - Failed to capture frame from camera
2025-06-11 15:50:57,364 - CarParkSystem - WARNING - Failed to capture frame from camera
2025-06-11 15:50:57,394 - CarParkSystem - WARNING - Failed to capture frame from camera
2025-06-11 15:50:57,425 - CarParkSystem - WARNING - Failed to capture frame from camera
2025-06-11 15:50:57,455 - CarParkSystem - WARNING - Failed to capture frame from camera
2025-06-11 15:50:57,485 - CarParkSystem - WARNING - Failed to capture frame from camera
2025-06-11 15:50:57,516 - CarParkSystem - WARNING - Failed to capture frame from camera
2025-06-11 15:50:57,546 - CarParkSystem - WARNING - Failed to capture frame from camera
2025-06-11 15:50:57,577 - CarParkSystem - WARNING - Failed to capture frame from camera
2025-06-11 15:50:57,607 - CarParkSystem - WARNING - Failed to capture frame from camera
2025-06-11 15:50:57,638 - CarParkSystem - WARNING - Failed to capture frame from camera
2025-06-11 15:50:57,668 - CarParkSystem - WARNING - Failed to capture frame from camera
2025-06-11 15:50:57,699 - CarParkSystem - WARNING - Failed to capture frame from camera
2025-06-11 15:50:57,729 - CarParkSystem - WARNING - Failed to capture frame from camera
2025-06-11 15:50:57,759 - CarParkSystem - WARNING - Failed to capture frame from camera
2025-06-11 15:50:57,790 - CarParkSystem - WARNING - Failed to capture frame from camera
2025-06-11 15:50:57,820 - CarParkSystem - WARNING - Failed to capture frame from camera
2025-06-11 15:50:57,853 - CarParkSystem - WARNING - Failed to capture frame from camera
2025-06-11 15:50:57,884 - CarParkSystem - WARNING - Failed to capture frame from camera
2025-06-11 15:50:57,914 - CarParkSystem - WARNING - Failed to capture frame from camera
2025-06-11 15:50:57,945 - CarParkSystem - WARNING - Failed to capture frame from camera
2025-06-11 15:50:57,975 - CarParkSystem - WARNING - Failed to capture frame from camera
2025-06-11 15:50:58,006 - CarParkSystem - WARNING - Failed to capture frame from camera
2025-06-11 15:50:58,036 - CarParkSystem - WARNING - Failed to capture frame from camera
2025-06-11 15:50:58,067 - CarParkSystem - WARNING - Failed to capture frame from camera
2025-06-11 15:50:58,097 - CarParkSystem - WARNING - Failed to capture frame from camera
2025-06-11 15:50:58,128 - CarParkSystem - WARNING - Failed to capture frame from camera
2025-06-11 15:50:58,158 - CarParkSystem - WARNING - Failed to capture frame from camera
2025-06-11 15:50:58,189 - CarParkSystem - WARNING - Failed to capture frame from camera
2025-06-11 15:50:58,219 - CarParkSystem - WARNING - Failed to capture frame from camera
2025-06-11 15:50:58,249 - CarParkSystem - WARNING - Failed to capture frame from camera
2025-06-11 15:50:58,280 - CarParkSystem - WARNING - Failed to capture frame from camera
2025-06-11 15:50:58,310 - CarParkSystem - WARNING - Failed to capture frame from camera
2025-06-11 15:50:58,340 - CarParkSystem - WARNING - Failed to capture frame from camera
2025-06-11 15:50:58,371 - CarParkSystem - WARNING - Failed to capture frame from camera
2025-06-11 15:50:58,401 - CarParkSystem - WARNING - Failed to capture frame from camera
2025-06-11 15:50:58,432 - CarParkSystem - WARNING - Failed to capture frame from camera
2025-06-11 15:50:58,462 - CarParkSystem - WARNING - Failed to capture frame from camera
2025-06-11 15:50:58,492 - CarParkSystem - WARNING - Failed to capture frame from camera
2025-06-11 15:50:58,523 - CarParkSystem - WARNING - Failed to capture frame from camera
2025-06-11 15:50:58,553 - CarParkSystem - WARNING - Failed to capture frame from camera
2025-06-11 15:50:58,584 - CarParkSystem - WARNING - Failed to capture frame from camera
2025-06-11 15:50:58,615 - CarParkSystem - WARNING - Failed to capture frame from camera
2025-06-11 15:50:58,647 - CarParkSystem - WARNING - Failed to capture frame from camera
2025-06-11 15:50:58,677 - CarParkSystem - WARNING - Failed to capture frame from camera
2025-06-11 15:50:58,708 - CarParkSystem - WARNING - Failed to capture frame from camera
2025-06-11 15:50:58,738 - CarParkSystem - WARNING - Failed to capture frame from camera
2025-06-11 15:50:58,769 - CarParkSystem - WARNING - Failed to capture frame from camera
2025-06-11 15:50:58,799 - CarParkSystem - WARNING - Failed to capture frame from camera
2025-06-11 15:50:58,830 - CarParkSystem - WARNING - Failed to capture frame from camera
2025-06-11 15:50:58,861 - CarParkSystem - WARNING - Failed to capture frame from camera
2025-06-11 15:50:58,891 - CarParkSystem - WARNING - Failed to capture frame from camera
2025-06-11 15:50:58,922 - CarParkSystem - WARNING - Failed to capture frame from camera
2025-06-11 15:50:58,952 - CarParkSystem - WARNING - Failed to capture frame from camera
2025-06-11 15:50:58,983 - CarParkSystem - WARNING - Failed to capture frame from camera
2025-06-11 15:50:59,013 - CarParkSystem - WARNING - Failed to capture frame from camera
2025-06-11 15:50:59,043 - CarParkSystem - WARNING - Failed to capture frame from camera
2025-06-11 15:50:59,074 - CarParkSystem - WARNING - Failed to capture frame from camera
2025-06-11 15:50:59,105 - CarParkSystem - WARNING - Failed to capture frame from camera
2025-06-11 15:50:59,136 - CarParkSystem - WARNING - Failed to capture frame from camera
2025-06-11 15:50:59,167 - CarParkSystem - WARNING - Failed to capture frame from camera
2025-06-11 15:50:59,197 - CarParkSystem - WARNING - Failed to capture frame from camera
2025-06-11 15:50:59,227 - CarParkSystem - WARNING - Failed to capture frame from camera
2025-06-11 15:50:59,258 - CarParkSystem - WARNING - Failed to capture frame from camera
2025-06-11 15:50:59,288 - CarParkSystem - WARNING - Failed to capture frame from camera
2025-06-11 15:50:59,318 - CarParkSystem - WARNING - Failed to capture frame from camera
2025-06-11 15:50:59,349 - CarParkSystem - WARNING - Failed to capture frame from camera
2025-06-11 15:50:59,379 - CarParkSystem - WARNING - Failed to capture frame from camera
2025-06-11 15:50:59,410 - CarParkSystem - WARNING - Failed to capture frame from camera
2025-06-11 15:50:59,440 - CarParkSystem - WARNING - Failed to capture frame from camera
2025-06-11 15:50:59,470 - CarParkSystem - WARNING - Failed to capture frame from camera
2025-06-11 15:50:59,501 - CarParkSystem - WARNING - Failed to capture frame from camera
2025-06-11 15:50:59,531 - CarParkSystem - WARNING - Failed to capture frame from camera
2025-06-11 15:50:59,561 - CarParkSystem - WARNING - Failed to capture frame from camera
2025-06-11 15:50:59,592 - CarParkSystem - WARNING - Failed to capture frame from camera
2025-06-11 15:50:59,623 - CarParkSystem - WARNING - Failed to capture frame from camera
2025-06-11 15:50:59,655 - CarParkSystem - WARNING - Failed to capture frame from camera
2025-06-11 15:50:59,687 - CarParkSystem - WARNING - Failed to capture frame from camera
2025-06-11 15:50:59,717 - CarParkSystem - WARNING - Failed to capture frame from camera
2025-06-11 15:50:59,748 - CarParkSystem - WARNING - Failed to capture frame from camera
2025-06-11 15:50:59,778 - CarParkSystem - WARNING - Failed to capture frame from camera
2025-06-11 15:50:59,809 - CarParkSystem - WARNING - Failed to capture frame from camera
2025-06-11 15:50:59,839 - CarParkSystem - WARNING - Failed to capture frame from camera
2025-06-11 15:50:59,869 - CarParkSystem - WARNING - Failed to capture frame from camera
2025-06-11 15:50:59,900 - CarParkSystem - WARNING - Failed to capture frame from camera
2025-06-11 15:50:59,931 - CarParkSystem - WARNING - Failed to capture frame from camera
2025-06-11 15:50:59,961 - CarParkSystem - WARNING - Failed to capture frame from camera
2025-06-11 15:50:59,992 - CarParkSystem - WARNING - Failed to capture frame from camera
2025-06-11 15:51:00,022 - CarParkSystem - WARNING - Failed to capture frame from camera
2025-06-11 15:51:00,053 - CarParkSystem - WARNING - Failed to capture frame from camera
2025-06-11 15:51:00,083 - CarParkSystem - WARNING - Failed to capture frame from camera
2025-06-11 15:51:00,113 - CarParkSystem - WARNING - Failed to capture frame from camera
2025-06-11 15:51:00,144 - CarParkSystem - WARNING - Failed to capture frame from camera
2025-06-11 15:51:00,174 - CarParkSystem - WARNING - Failed to capture frame from camera
2025-06-11 15:51:00,205 - CarParkSystem - WARNING - Failed to capture frame from camera
2025-06-11 15:51:00,235 - CarParkSystem - WARNING - Failed to capture frame from camera
2025-06-11 15:51:00,266 - CarParkSystem - WARNING - Failed to capture frame from camera
2025-06-11 15:51:00,296 - CarParkSystem - WARNING - Failed to capture frame from camera
2025-06-11 15:51:00,327 - CarParkSystem - WARNING - Failed to capture frame from camera
